<?xml version="1.0" encoding="UTF-8"?>
<testsuite errors="0" failures="0" hostname="dhcp-10.15.208.168.stl.redhat.com" name="org.hibernate.test.hql.HqlParserTest" tests="50" time="10.857" timestamp="2013-02-28T20:13:24">
  <properties />
  <testcase classname="org.hibernate.test.hql.HqlParserTest" name="testOrderBy" time="0.001" />
  <testcase classname="org.hibernate.test.hql.HqlParserTest" name="testWhere" time="0.002" />
  <testcase classname="org.hibernate.test.hql.HqlParserTest" name="testWhereAsIdentifier" time="0.001" />
  <testcase classname="org.hibernate.test.hql.HqlParserTest" name="testEjbqlKeywordsAsIdentifier" time="0.001" />
  <testcase classname="org.hibernate.test.hql.HqlParserTest" name="testMultiByteCharacters" time="0.001" />
  <testcase classname="org.hibernate.test.hql.HqlParserTest" name="testHHH719" time="0.0" />
  <testcase classname="org.hibernate.test.hql.HqlParserTest" name="testHHH1107" time="0.001" />
  <testcase classname="org.hibernate.test.hql.HqlParserTest" name="testHHH1247" time="0.001" />
  <testcase classname="org.hibernate.test.hql.HqlParserTest" name="testHHH1780" time="0.174" />
  <testcase classname="org.hibernate.test.hql.HqlParserTest" name="testLineAndColumnNumber" time="0.001" />
  <testcase classname="org.hibernate.test.hql.HqlParserTest" name="testUnion" time="0.0" />
  <testcase classname="org.hibernate.test.hql.HqlParserTest" name="testUnnamedParameter" time="0.001" />
  <testcase classname="org.hibernate.test.hql.HqlParserTest" name="testInElements" time="0.0" />
  <testcase classname="org.hibernate.test.hql.HqlParserTest" name="testDotElements" time="0.006" />
  <testcase classname="org.hibernate.test.hql.HqlParserTest" name="testSelectAll" time="0.0" />
  <testcase classname="org.hibernate.test.hql.HqlParserTest" name="testNot" time="0.009" />
  <testcase classname="org.hibernate.test.hql.HqlParserTest" name="testOtherSyntax" time="0.004" />
  <testcase classname="org.hibernate.test.hql.HqlParserTest" name="testEjbqlExtensions" time="0.002" />
  <testcase classname="org.hibernate.test.hql.HqlParserTest" name="testEmptyFilter" time="0.0" />
  <testcase classname="org.hibernate.test.hql.HqlParserTest" name="testOrderByFilter" time="0.0" />
  <testcase classname="org.hibernate.test.hql.HqlParserTest" name="testRestrictionFilter" time="0.001" />
  <testcase classname="org.hibernate.test.hql.HqlParserTest" name="testNoFrom" time="0.002" />
  <testcase classname="org.hibernate.test.hql.HqlParserTest" name="testHB1042" time="0.0" />
  <testcase classname="org.hibernate.test.hql.HqlParserTest" name="testKeywordInPath" time="0.038" />
  <testcase classname="org.hibernate.test.hql.HqlParserTest" name="testPathologicalKeywordAsIdentifier" time="0.076" />
  <testcase classname="org.hibernate.test.hql.HqlParserTest" name="testHHH354" time="0.001" />
  <testcase classname="org.hibernate.test.hql.HqlParserTest" name="testConstructorIn" time="0.019" />
  <testcase classname="org.hibernate.test.hql.HqlParserTest" name="testDocoExamples92" time="0.022" />
  <testcase classname="org.hibernate.test.hql.HqlParserTest" name="testDocoExamples93" time="0.044" />
  <testcase classname="org.hibernate.test.hql.HqlParserTest" name="testDocoExamples94" time="0.047" />
  <testcase classname="org.hibernate.test.hql.HqlParserTest" name="testDocoExamples95" time="0.033" />
  <testcase classname="org.hibernate.test.hql.HqlParserTest" name="testDocoExamples96" time="0.02" />
  <testcase classname="org.hibernate.test.hql.HqlParserTest" name="testDocoExamples97" time="0.087" />
  <testcase classname="org.hibernate.test.hql.HqlParserTest" name="testDocoExamples98" time="0.255" />
  <testcase classname="org.hibernate.test.hql.HqlParserTest" name="testDocoExamples99" time="0.02" />
  <testcase classname="org.hibernate.test.hql.HqlParserTest" name="testDocoExamples910" time="0.074" />
  <testcase classname="org.hibernate.test.hql.HqlParserTest" name="testDocoExamples911" time="0.02" />
  <testcase classname="org.hibernate.test.hql.HqlParserTest" name="testDocoExamples912" time="0.251" />
  <testcase classname="org.hibernate.test.hql.HqlParserTest" name="testExamples1" time="0.002" />
  <testcase classname="org.hibernate.test.hql.HqlParserTest" name="testArrayExpr" time="0.003" />
  <testcase classname="org.hibernate.test.hql.HqlParserTest" name="testMultipleActualParameters" time="0.001" />
  <testcase classname="org.hibernate.test.hql.HqlParserTest" name="testMultipleFromClasses" time="0.024" />
  <testcase classname="org.hibernate.test.hql.HqlParserTest" name="testFromWithJoin" time="0.014" />
  <testcase classname="org.hibernate.test.hql.HqlParserTest" name="testSelect" time="0.145" />
  <testcase classname="org.hibernate.test.hql.HqlParserTest" name="testGroupBy" time="0.047" />
  <testcase classname="org.hibernate.test.hql.HqlParserTest" name="testDoubleLiteral" time="0.056" />
  <testcase classname="org.hibernate.test.hql.HqlParserTest" name="testComplexConstructor" time="0.042" />
  <testcase classname="org.hibernate.test.hql.HqlParserTest" name="testInNotIn" time="0.02" />
  <testcase classname="org.hibernate.test.hql.HqlParserTest" name="testOperatorPrecedence" time="0.024" />
  <testcase classname="org.hibernate.test.hql.HqlParserTest" name="testUnitTestHql" time="8.871" />
  <system-out><![CDATA[input: ->FROM eg.mypackage.Cat qat order by avg(qat.toes)<-
AST  :   ( query ( SELECT_FROM ( FROM ( RANGE ( . ( . eg mypackage ) Cat ) qat ) ) ) ( order ( avg ( . qat toes ) ) ) )
 \-[QUERY] Node: 'query'
    +-[SELECT_FROM] Node: 'SELECT_FROM'
    |  \-[FROM] Node: 'FROM'
    |     \-[RANGE] Node: 'RANGE'
    |        +-[DOT] Node: '.'
    |        |  +-[DOT] Node: '.'
    |        |  |  +-[IDENT] Node: 'eg'
    |        |  |  \-[IDENT] Node: 'mypackage'
    |        |  \-[IDENT] Node: 'Cat'
    |        \-[ALIAS] Node: 'qat'
    \-[ORDER] Node: 'order'
       \-[AGGREGATE] Node: 'avg'
          \-[DOT] Node: '.'
             +-[IDENT] Node: 'qat'
             \-[IDENT] Node: 'toes'

input: ->from Animal an order by sqrt(an.bodyWeight)/2<-
AST  :   ( query ( SELECT_FROM ( from ( RANGE Animal an ) ) ) ( order ( / ( ( sqrt ( exprList ( . an bodyWeight ) ) ) 2 ) ) )
 \-[QUERY] Node: 'query'
    +-[SELECT_FROM] Node: 'SELECT_FROM'
    |  \-[FROM] Node: 'from'
    |     \-[RANGE] Node: 'RANGE'
    |        +-[IDENT] Node: 'Animal'
    |        \-[ALIAS] Node: 'an'
    \-[ORDER] Node: 'order'
       \-[DIV] Node: '/'
          +-[METHOD_CALL] Node: '('
          |  +-[IDENT] Node: 'sqrt'
          |  \-[EXPR_LIST] Node: 'exprList'
          |     \-[DOT] Node: '.'
          |        +-[IDENT] Node: 'an'
          |        \-[IDENT] Node: 'bodyWeight'
          \-[NUM_INT] Node: '2'

input: ->FROM eg.mypackage.Cat qat where qat.name like '%fluffy%' or qat.toes > 5<-
AST  :   ( query ( SELECT_FROM ( FROM ( RANGE ( . ( . eg mypackage ) Cat ) qat ) ) ) ( where ( or ( like ( . qat name ) '%fluffy%' ) ( > ( . qat toes ) 5 ) ) ) )
 \-[QUERY] Node: 'query'
    +-[SELECT_FROM] Node: 'SELECT_FROM'
    |  \-[FROM] Node: 'FROM'
    |     \-[RANGE] Node: 'RANGE'
    |        +-[DOT] Node: '.'
    |        |  +-[DOT] Node: '.'
    |        |  |  +-[IDENT] Node: 'eg'
    |        |  |  \-[IDENT] Node: 'mypackage'
    |        |  \-[IDENT] Node: 'Cat'
    |        \-[ALIAS] Node: 'qat'
    \-[WHERE] Node: 'where'
       \-[OR] Node: 'or'
          +-[LIKE] Node: 'like'
          |  +-[DOT] Node: '.'
          |  |  +-[IDENT] Node: 'qat'
          |  |  \-[IDENT] Node: 'name'
          |  \-[QUOTED_STRING] Node: ''%fluffy%''
          \-[GT] Node: '>'
             +-[DOT] Node: '.'
             |  +-[IDENT] Node: 'qat'
             |  \-[IDENT] Node: 'toes'
             \-[NUM_INT] Node: '5'

input: ->FROM eg.mypackage.Cat qat where not qat.name like '%fluffy%' or qat.toes > 5<-
AST  :   ( query ( SELECT_FROM ( FROM ( RANGE ( . ( . eg mypackage ) Cat ) qat ) ) ) ( where ( or ( {not}like ( . qat name ) '%fluffy%' ) ( > ( . qat toes ) 5 ) ) ) )
 \-[QUERY] Node: 'query'
    +-[SELECT_FROM] Node: 'SELECT_FROM'
    |  \-[FROM] Node: 'FROM'
    |     \-[RANGE] Node: 'RANGE'
    |        +-[DOT] Node: '.'
    |        |  +-[DOT] Node: '.'
    |        |  |  +-[IDENT] Node: 'eg'
    |        |  |  \-[IDENT] Node: 'mypackage'
    |        |  \-[IDENT] Node: 'Cat'
    |        \-[ALIAS] Node: 'qat'
    \-[WHERE] Node: 'where'
       \-[OR] Node: 'or'
          +-[NOT_LIKE] Node: '{not}like'
          |  +-[DOT] Node: '.'
          |  |  +-[IDENT] Node: 'qat'
          |  |  \-[IDENT] Node: 'name'
          |  \-[QUOTED_STRING] Node: ''%fluffy%''
          \-[GT] Node: '>'
             +-[DOT] Node: '.'
             |  +-[IDENT] Node: 'qat'
             |  \-[IDENT] Node: 'toes'
             \-[NUM_INT] Node: '5'

input: ->FROM eg.mypackage.Cat qat where not qat.name not like '%fluffy%'<-
AST  :   ( query ( SELECT_FROM ( FROM ( RANGE ( . ( . eg mypackage ) Cat ) qat ) ) ) ( where ( {not}not like ( . qat name ) '%fluffy%' ) ) )
 \-[QUERY] Node: 'query'
    +-[SELECT_FROM] Node: 'SELECT_FROM'
    |  \-[FROM] Node: 'FROM'
    |     \-[RANGE] Node: 'RANGE'
    |        +-[DOT] Node: '.'
    |        |  +-[DOT] Node: '.'
    |        |  |  +-[IDENT] Node: 'eg'
    |        |  |  \-[IDENT] Node: 'mypackage'
    |        |  \-[IDENT] Node: 'Cat'
    |        \-[ALIAS] Node: 'qat'
    \-[WHERE] Node: 'where'
       \-[LIKE] Node: '{not}not like'
          +-[DOT] Node: '.'
          |  +-[IDENT] Node: 'qat'
          |  \-[IDENT] Node: 'name'
          \-[QUOTED_STRING] Node: ''%fluffy%''

input: ->FROM eg.mypackage.Cat qat where qat.name in ('crater','bean','fluffy')<-
AST  :   ( query ( SELECT_FROM ( FROM ( RANGE ( . ( . eg mypackage ) Cat ) qat ) ) ) ( where ( in ( . qat name ) ( inList 'crater' 'bean' 'fluffy' ) ) ) )
 \-[QUERY] Node: 'query'
    +-[SELECT_FROM] Node: 'SELECT_FROM'
    |  \-[FROM] Node: 'FROM'
    |     \-[RANGE] Node: 'RANGE'
    |        +-[DOT] Node: '.'
    |        |  +-[DOT] Node: '.'
    |        |  |  +-[IDENT] Node: 'eg'
    |        |  |  \-[IDENT] Node: 'mypackage'
    |        |  \-[IDENT] Node: 'Cat'
    |        \-[ALIAS] Node: 'qat'
    \-[WHERE] Node: 'where'
       \-[IN] Node: 'in'
          +-[DOT] Node: '.'
          |  +-[IDENT] Node: 'qat'
          |  \-[IDENT] Node: 'name'
          \-[IN_LIST] Node: 'inList'
             +-[QUOTED_STRING] Node: ''crater''
             +-[QUOTED_STRING] Node: ''bean''
             \-[QUOTED_STRING] Node: ''fluffy''

input: ->FROM eg.mypackage.Cat qat where qat.name not in ('crater','bean','fluffy')<-
AST  :   ( query ( SELECT_FROM ( FROM ( RANGE ( . ( . eg mypackage ) Cat ) qat ) ) ) ( where ( not in ( . qat name ) ( inList 'crater' 'bean' 'fluffy' ) ) ) )
 \-[QUERY] Node: 'query'
    +-[SELECT_FROM] Node: 'SELECT_FROM'
    |  \-[FROM] Node: 'FROM'
    |     \-[RANGE] Node: 'RANGE'
    |        +-[DOT] Node: '.'
    |        |  +-[DOT] Node: '.'
    |        |  |  +-[IDENT] Node: 'eg'
    |        |  |  \-[IDENT] Node: 'mypackage'
    |        |  \-[IDENT] Node: 'Cat'
    |        \-[ALIAS] Node: 'qat'
    \-[WHERE] Node: 'where'
       \-[NOT_IN] Node: 'not in'
          +-[DOT] Node: '.'
          |  +-[IDENT] Node: 'qat'
          |  \-[IDENT] Node: 'name'
          \-[IN_LIST] Node: 'inList'
             +-[QUOTED_STRING] Node: ''crater''
             +-[QUOTED_STRING] Node: ''bean''
             \-[QUOTED_STRING] Node: ''fluffy''

input: ->from Animal an where sqrt(an.bodyWeight)/2 > 10<-
AST  :   ( query ( SELECT_FROM ( from ( RANGE Animal an ) ) ) ( where ( > ( / ( ( sqrt ( exprList ( . an bodyWeight ) ) ) 2 ) 10 ) ) )
 \-[QUERY] Node: 'query'
    +-[SELECT_FROM] Node: 'SELECT_FROM'
    |  \-[FROM] Node: 'from'
    |     \-[RANGE] Node: 'RANGE'
    |        +-[IDENT] Node: 'Animal'
    |        \-[ALIAS] Node: 'an'
    \-[WHERE] Node: 'where'
       \-[GT] Node: '>'
          +-[DIV] Node: '/'
          |  +-[METHOD_CALL] Node: '('
          |  |  +-[IDENT] Node: 'sqrt'
          |  |  \-[EXPR_LIST] Node: 'exprList'
          |  |     \-[DOT] Node: '.'
          |  |        +-[IDENT] Node: 'an'
          |  |        \-[IDENT] Node: 'bodyWeight'
          |  \-[NUM_INT] Node: '2'
          \-[NUM_INT] Node: '10'

input: ->from Animal an where (an.bodyWeight > 10 and an.bodyWeight < 100) or an.bodyWeight is null<-
AST  :   ( query ( SELECT_FROM ( from ( RANGE Animal an ) ) ) ( where ( or ( and ( > ( . an bodyWeight ) 10 ) ( < ( . an bodyWeight ) 100 ) ) ( is null ( . an bodyWeight ) ) ) ) )
 \-[QUERY] Node: 'query'
    +-[SELECT_FROM] Node: 'SELECT_FROM'
    |  \-[FROM] Node: 'from'
    |     \-[RANGE] Node: 'RANGE'
    |        +-[IDENT] Node: 'Animal'
    |        \-[ALIAS] Node: 'an'
    \-[WHERE] Node: 'where'
       \-[OR] Node: 'or'
          +-[AND] Node: 'and'
          |  +-[GT] Node: '>'
          |  |  +-[DOT] Node: '.'
          |  |  |  +-[IDENT] Node: 'an'
          |  |  |  \-[IDENT] Node: 'bodyWeight'
          |  |  \-[NUM_INT] Node: '10'
          |  \-[LT] Node: '<'
          |     +-[DOT] Node: '.'
          |     |  +-[IDENT] Node: 'an'
          |     |  \-[IDENT] Node: 'bodyWeight'
          |     \-[NUM_INT] Node: '100'
          \-[IS_NULL] Node: 'is null'
             \-[DOT] Node: '.'
                +-[IDENT] Node: 'an'
                \-[IDENT] Node: 'bodyWeight'

input: ->from where.Order<-
14:13:24,486 DEBUG HqlParser:358 - weakKeywords() : new LT(1) token - ["where",<108> previously: <53>,line=1,col=6,possibleID=true]
14:13:24,487 DEBUG HqlParser:347 - weakKeywords() : new LT(1) token - ["Order",<108> previously: <41>,line=1,col=12,possibleID=true]
AST  :   ( query ( SELECT_FROM ( from ( RANGE ( . where Order ) ) ) ) )
 \-[QUERY] Node: 'query'
    \-[SELECT_FROM] Node: 'SELECT_FROM'
       \-[FROM] Node: 'from'
          \-[RANGE] Node: 'RANGE'
             \-[DOT] Node: '.'
                +-[IDENT] Node: 'where'
                \-[IDENT] Node: 'Order'

input: ->from org.hibernate.test.Bar bar where bar.object.id = ? and bar.object.class = ?<-
14:13:24,487 DEBUG HqlParser:378 - handleDotIdent() : new LT(2) token - [".",<15> previously: <15>,line=1,col=42,possibleID=false]
14:13:24,487 DEBUG HqlParser:378 - handleDotIdent() : new LT(2) token - [".",<15> previously: <15>,line=1,col=64,possibleID=false]
AST  :   ( query ( SELECT_FROM ( from ( RANGE ( . ( . ( . org hibernate ) test ) Bar ) bar ) ) ) ( where ( and ( = ( . ( . bar object ) id ) ? ) ( = ( . ( . bar object ) class ) ? ) ) ) )
 \-[QUERY] Node: 'query'
    +-[SELECT_FROM] Node: 'SELECT_FROM'
    |  \-[FROM] Node: 'from'
    |     \-[RANGE] Node: 'RANGE'
    |        +-[DOT] Node: '.'
    |        |  +-[DOT] Node: '.'
    |        |  |  +-[DOT] Node: '.'
    |        |  |  |  +-[IDENT] Node: 'org'
    |        |  |  |  \-[IDENT] Node: 'hibernate'
    |        |  |  \-[IDENT] Node: 'test'
    |        |  \-[IDENT] Node: 'Bar'
    |        \-[ALIAS] Node: 'bar'
    \-[WHERE] Node: 'where'
       \-[AND] Node: 'and'
          +-[EQ] Node: '='
          |  +-[DOT] Node: '.'
          |  |  +-[DOT] Node: '.'
          |  |  |  +-[IDENT] Node: 'bar'
          |  |  |  \-[IDENT] Node: 'object'
          |  |  \-[IDENT] Node: 'id'
          |  \-[PARAM] Node: '?'
          \-[EQ] Node: '='
             +-[DOT] Node: '.'
             |  +-[DOT] Node: '.'
             |  |  +-[IDENT] Node: 'bar'
             |  |  \-[IDENT] Node: 'object'
             |  \-[CLASS] Node: 'class'
             \-[PARAM] Node: '?'

input: ->from User user where user.name like '%nn\u4e2dnn%'<-
AST  :   ( query ( SELECT_FROM ( from ( RANGE User user ) ) ) ( where ( like ( . user name ) '%nn中nn%' ) ) )
 \-[QUERY] Node: 'query'
    +-[SELECT_FROM] Node: 'SELECT_FROM'
    |  \-[FROM] Node: 'from'
    |     \-[RANGE] Node: 'RANGE'
    |        +-[IDENT] Node: 'User'
    |        \-[ALIAS] Node: 'user'
    \-[WHERE] Node: 'where'
       \-[LIKE] Node: 'like'
          +-[DOT] Node: '.'
          |  +-[IDENT] Node: 'user'
          |  \-[IDENT] Node: 'name'
          \-[QUOTED_STRING] Node: ''%nn\u4e2dnn%''

input: ->from User user where user.\u432d like '%\u4e2d%'<-
AST  :   ( query ( SELECT_FROM ( from ( RANGE User user ) ) ) ( where ( like ( . user 䌭 ) '%中%' ) ) )
 \-[QUERY] Node: 'query'
    +-[SELECT_FROM] Node: 'SELECT_FROM'
    |  \-[FROM] Node: 'from'
    |     \-[RANGE] Node: 'RANGE'
    |        +-[IDENT] Node: 'User'
    |        \-[ALIAS] Node: 'user'
    \-[WHERE] Node: 'where'
       \-[LIKE] Node: 'like'
          +-[DOT] Node: '.'
          |  +-[IDENT] Node: 'user'
          |  \-[IDENT] Node: '\u432d'
          \-[QUOTED_STRING] Node: ''%\u4e2d%''

input: ->from \u432d \u432d where \u432d.name like '%fred%'<-
AST  :   ( query ( SELECT_FROM ( from ( RANGE 䌭 䌭 ) ) ) ( where ( like ( . 䌭 name ) '%fred%' ) ) )
 \-[QUERY] Node: 'query'
    +-[SELECT_FROM] Node: 'SELECT_FROM'
    |  \-[FROM] Node: 'from'
    |     \-[RANGE] Node: 'RANGE'
    |        +-[IDENT] Node: '\u432d'
    |        \-[ALIAS] Node: '\u432d'
    \-[WHERE] Node: 'where'
       \-[LIKE] Node: 'like'
          +-[DOT] Node: '.'
          |  +-[IDENT] Node: '\u432d'
          |  \-[IDENT] Node: 'name'
          \-[QUOTED_STRING] Node: ''%fred%''

input: ->from Foo f order by com.fooco.SpecialFunction(f.id)<-
AST  :   ( query ( SELECT_FROM ( from ( RANGE Foo f ) ) ) ( order ( ( ( . ( . com fooco ) SpecialFunction ) ( exprList ( . f id ) ) ) ) )
 \-[QUERY] Node: 'query'
    +-[SELECT_FROM] Node: 'SELECT_FROM'
    |  \-[FROM] Node: 'from'
    |     \-[RANGE] Node: 'RANGE'
    |        +-[IDENT] Node: 'Foo'
    |        \-[ALIAS] Node: 'f'
    \-[ORDER] Node: 'order'
       \-[METHOD_CALL] Node: '('
          +-[DOT] Node: '.'
          |  +-[DOT] Node: '.'
          |  |  +-[IDENT] Node: 'com'
          |  |  \-[IDENT] Node: 'fooco'
          |  \-[IDENT] Node: 'SpecialFunction'
          \-[EXPR_LIST] Node: 'exprList'
             \-[DOT] Node: '.'
                +-[IDENT] Node: 'f'
                \-[IDENT] Node: 'id'

input: ->from Animal where zoo.address.street = '123 Bogus St.'<-
AST  :   ( query ( SELECT_FROM ( from ( RANGE Animal ) ) ) ( where ( = ( . ( . zoo address ) street ) '123 Bogus St.' ) ) )
 \-[QUERY] Node: 'query'
    +-[SELECT_FROM] Node: 'SELECT_FROM'
    |  \-[FROM] Node: 'from'
    |     \-[RANGE] Node: 'RANGE'
    |        \-[IDENT] Node: 'Animal'
    \-[WHERE] Node: 'where'
       \-[EQ] Node: '='
          +-[DOT] Node: '.'
          |  +-[DOT] Node: '.'
          |  |  +-[IDENT] Node: 'zoo'
          |  |  \-[IDENT] Node: 'address'
          |  \-[IDENT] Node: 'street'
          \-[QUOTED_STRING] Node: ''123 Bogus St.''

input: ->select distinct user.party from com.itf.iceclaims.domain.party.user.UserImpl user inner join user.party.$RelatedWorkgroups relatedWorkgroups where relatedWorkgroups.workgroup.id = :workgroup and relatedWorkgroups.effectiveTime.start <= :datesnow and relatedWorkgroups.effectiveTime.end > :dateenow <-
14:13:24,490 DEBUG ErrorCounter:63 - Keyword  'end' is being interpreted as an identifier due to: expecting IDENT, found 'end'
AST  :   ( query ( SELECT_FROM ( from ( RANGE ( . ( . ( . ( . ( . ( . com itf ) iceclaims ) domain ) party ) user ) UserImpl ) user ) ( join inner ( . ( . user party ) $RelatedWorkgroups ) relatedWorkgroups ) ) ( select distinct ( . user party ) ) ) ( where ( and ( and ( = ( . ( . relatedWorkgroups workgroup ) id ) ( : workgroup ) ) ( <= ( . ( . relatedWorkgroups effectiveTime ) start ) ( : datesnow ) ) ) ( > ( . ( . relatedWorkgroups effectiveTime ) end ) ( : dateenow ) ) ) ) )
 \-[QUERY] Node: 'query'
    +-[SELECT_FROM] Node: 'SELECT_FROM'
    |  +-[FROM] Node: 'from'
    |  |  +-[RANGE] Node: 'RANGE'
    |  |  |  +-[DOT] Node: '.'
    |  |  |  |  +-[DOT] Node: '.'
    |  |  |  |  |  +-[DOT] Node: '.'
    |  |  |  |  |  |  +-[DOT] Node: '.'
    |  |  |  |  |  |  |  +-[DOT] Node: '.'
    |  |  |  |  |  |  |  |  +-[DOT] Node: '.'
    |  |  |  |  |  |  |  |  |  +-[IDENT] Node: 'com'
    |  |  |  |  |  |  |  |  |  \-[IDENT] Node: 'itf'
    |  |  |  |  |  |  |  |  \-[IDENT] Node: 'iceclaims'
    |  |  |  |  |  |  |  \-[IDENT] Node: 'domain'
    |  |  |  |  |  |  \-[IDENT] Node: 'party'
    |  |  |  |  |  \-[IDENT] Node: 'user'
    |  |  |  |  \-[IDENT] Node: 'UserImpl'
    |  |  |  \-[ALIAS] Node: 'user'
    |  |  \-[JOIN] Node: 'join'
    |  |     +-[INNER] Node: 'inner'
    |  |     +-[DOT] Node: '.'
    |  |     |  +-[DOT] Node: '.'
    |  |     |  |  +-[IDENT] Node: 'user'
    |  |     |  |  \-[IDENT] Node: 'party'
    |  |     |  \-[IDENT] Node: '$RelatedWorkgroups'
    |  |     \-[ALIAS] Node: 'relatedWorkgroups'
    |  \-[SELECT] Node: 'select'
    |     +-[DISTINCT] Node: 'distinct'
    |     \-[DOT] Node: '.'
    |        +-[IDENT] Node: 'user'
    |        \-[IDENT] Node: 'party'
    \-[WHERE] Node: 'where'
       \-[AND] Node: 'and'
          +-[AND] Node: 'and'
          |  +-[EQ] Node: '='
          |  |  +-[DOT] Node: '.'
          |  |  |  +-[DOT] Node: '.'
          |  |  |  |  +-[IDENT] Node: 'relatedWorkgroups'
          |  |  |  |  \-[IDENT] Node: 'workgroup'
          |  |  |  \-[IDENT] Node: 'id'
          |  |  \-[COLON] Node: ':'
          |  |     \-[IDENT] Node: 'workgroup'
          |  \-[LE] Node: '<='
          |     +-[DOT] Node: '.'
          |     |  +-[DOT] Node: '.'
          |     |  |  +-[IDENT] Node: 'relatedWorkgroups'
          |     |  |  \-[IDENT] Node: 'effectiveTime'
          |     |  \-[IDENT] Node: 'start'
          |     \-[COLON] Node: ':'
          |        \-[IDENT] Node: 'datesnow'
          \-[GT] Node: '>'
             +-[DOT] Node: '.'
             |  +-[DOT] Node: '.'
             |  |  +-[IDENT] Node: 'relatedWorkgroups'
             |  |  \-[IDENT] Node: 'effectiveTime'
             |  \-[WEIRD_IDENT] Node: 'end'
             \-[COLON] Node: ':'
                \-[IDENT] Node: 'dateenow'

input: ->from Person p where not ( p.name is null and exists(select a.id from Address a where a.id=p.id))<-
AST  :   ( query ( SELECT_FROM ( from ( RANGE Person p ) ) ) ( where ( {or} ( {not}is null ( . p name ) ) ( not ( exists ( query ( SELECT_FROM ( from ( RANGE Address a ) ) ( select ( . a id ) ) ) ( where ( = ( . a id ) ( . p id ) ) ) ) ) ) ) ) )
 \-[QUERY] Node: 'query'
    +-[SELECT_FROM] Node: 'SELECT_FROM'
    |  \-[FROM] Node: 'from'
    |     \-[RANGE] Node: 'RANGE'
    |        +-[IDENT] Node: 'Person'
    |        \-[ALIAS] Node: 'p'
    \-[WHERE] Node: 'where'
       \-[OR] Node: '{or}'
          +-[IS_NOT_NULL] Node: '{not}is null'
          |  \-[DOT] Node: '.'
          |     +-[IDENT] Node: 'p'
          |     \-[IDENT] Node: 'name'
          \-[NOT] Node: 'not'
             \-[EXISTS] Node: 'exists'
                \-[QUERY] Node: 'query'
                   +-[SELECT_FROM] Node: 'SELECT_FROM'
                   |  +-[FROM] Node: 'from'
                   |  |  \-[RANGE] Node: 'RANGE'
                   |  |     +-[IDENT] Node: 'Address'
                   |  |     \-[ALIAS] Node: 'a'
                   |  \-[SELECT] Node: 'select'
                   |     \-[DOT] Node: '.'
                   |        +-[IDENT] Node: 'a'
                   |        \-[IDENT] Node: 'id'
                   \-[WHERE] Node: 'where'
                      \-[EQ] Node: '='
                         +-[DOT] Node: '.'
                         |  +-[IDENT] Node: 'a'
                         |  \-[IDENT] Node: 'id'
                         \-[DOT] Node: '.'
                            +-[IDENT] Node: 'p'
                            \-[IDENT] Node: 'id'

input: ->from Person p where not ( p.name is null or exists(select a.id from Address a where a.id=p.id))<-
AST  :   ( query ( SELECT_FROM ( from ( RANGE Person p ) ) ) ( where ( {and} ( {not}is null ( . p name ) ) ( not ( exists ( query ( SELECT_FROM ( from ( RANGE Address a ) ) ( select ( . a id ) ) ) ( where ( = ( . a id ) ( . p id ) ) ) ) ) ) ) ) )
 \-[QUERY] Node: 'query'
    +-[SELECT_FROM] Node: 'SELECT_FROM'
    |  \-[FROM] Node: 'from'
    |     \-[RANGE] Node: 'RANGE'
    |        +-[IDENT] Node: 'Person'
    |        \-[ALIAS] Node: 'p'
    \-[WHERE] Node: 'where'
       \-[AND] Node: '{and}'
          +-[IS_NOT_NULL] Node: '{not}is null'
          |  \-[DOT] Node: '.'
          |     +-[IDENT] Node: 'p'
          |     \-[IDENT] Node: 'name'
          \-[NOT] Node: 'not'
             \-[EXISTS] Node: 'exists'
                \-[QUERY] Node: 'query'
                   +-[SELECT_FROM] Node: 'SELECT_FROM'
                   |  +-[FROM] Node: 'from'
                   |  |  \-[RANGE] Node: 'RANGE'
                   |  |     +-[IDENT] Node: 'Address'
                   |  |     \-[ALIAS] Node: 'a'
                   |  \-[SELECT] Node: 'select'
                   |     \-[DOT] Node: '.'
                   |        +-[IDENT] Node: 'a'
                   |        \-[IDENT] Node: 'id'
                   \-[WHERE] Node: 'where'
                      \-[EQ] Node: '='
                         +-[DOT] Node: '.'
                         |  +-[IDENT] Node: 'a'
                         |  \-[IDENT] Node: 'id'
                         \-[DOT] Node: '.'
                            +-[IDENT] Node: 'p'
                            \-[IDENT] Node: 'id'

input: ->from Foo f
where f.name = 'fred'<-
AST  :   ( query ( SELECT_FROM ( from ( RANGE Foo f ) ) ) ( where ( = ( . f name ) 'fred' ) ) )
 \-[QUERY] Node: 'query'
    +-[SELECT_FROM] Node: 'SELECT_FROM'
    |  \-[FROM] Node: 'from'
    |     \-[RANGE] Node: 'RANGE'
    |        +-[IDENT] Node: 'Foo'
    |        \-[ALIAS] Node: 'f'
    \-[WHERE] Node: 'where'
       \-[EQ] Node: '='
          +-[DOT] Node: '.'
          |  +-[IDENT] Node: 'f'
          |  \-[IDENT] Node: 'name'
          \-[QUOTED_STRING] Node: ''fred''

input: ->from Animal a where a in (from Cat union from Dog) <-
AST  :   ( query ( SELECT_FROM ( from ( RANGE Animal a ) ) ) ( where ( in a ( inList ( query ( SELECT_FROM ( from ( RANGE Cat ) ) ) union ( SELECT_FROM ( from ( RANGE Dog ) ) ) ) ) ) ) )
 \-[QUERY] Node: 'query'
    +-[SELECT_FROM] Node: 'SELECT_FROM'
    |  \-[FROM] Node: 'from'
    |     \-[RANGE] Node: 'RANGE'
    |        +-[IDENT] Node: 'Animal'
    |        \-[ALIAS] Node: 'a'
    \-[WHERE] Node: 'where'
       \-[IN] Node: 'in'
          +-[IDENT] Node: 'a'
          \-[IN_LIST] Node: 'inList'
             \-[QUERY] Node: 'query'
                +-[SELECT_FROM] Node: 'SELECT_FROM'
                |  \-[FROM] Node: 'from'
                |     \-[RANGE] Node: 'RANGE'
                |        \-[IDENT] Node: 'Cat'
                +-[UNION] Node: 'union'
                \-[SELECT_FROM] Node: 'SELECT_FROM'
                   \-[FROM] Node: 'from'
                      \-[RANGE] Node: 'RANGE'
                         \-[IDENT] Node: 'Dog'

input: ->select foo, bar from org.hibernate.test.Foo foo left outer join foo.foo bar where foo = ?<-
AST  :   ( query ( SELECT_FROM ( from ( RANGE ( . ( . ( . org hibernate ) test ) Foo ) foo ) ( join left outer ( . foo foo ) bar ) ) ( select foo bar ) ) ( where ( = foo ? ) ) )
 \-[QUERY] Node: 'query'
    +-[SELECT_FROM] Node: 'SELECT_FROM'
    |  +-[FROM] Node: 'from'
    |  |  +-[RANGE] Node: 'RANGE'
    |  |  |  +-[DOT] Node: '.'
    |  |  |  |  +-[DOT] Node: '.'
    |  |  |  |  |  +-[DOT] Node: '.'
    |  |  |  |  |  |  +-[IDENT] Node: 'org'
    |  |  |  |  |  |  \-[IDENT] Node: 'hibernate'
    |  |  |  |  |  \-[IDENT] Node: 'test'
    |  |  |  |  \-[IDENT] Node: 'Foo'
    |  |  |  \-[ALIAS] Node: 'foo'
    |  |  \-[JOIN] Node: 'join'
    |  |     +-[LEFT] Node: 'left'
    |  |     +-[OUTER] Node: 'outer'
    |  |     +-[DOT] Node: '.'
    |  |     |  +-[IDENT] Node: 'foo'
    |  |     |  \-[IDENT] Node: 'foo'
    |  |     \-[ALIAS] Node: 'bar'
    |  \-[SELECT] Node: 'select'
    |     +-[IDENT] Node: 'foo'
    |     \-[IDENT] Node: 'bar'
    \-[WHERE] Node: 'where'
       \-[EQ] Node: '='
          +-[IDENT] Node: 'foo'
          \-[PARAM] Node: '?'

input: ->from bar in class org.hibernate.test.Bar, foo in elements(bar.baz.fooArray)<-
AST  :   ( query ( SELECT_FROM ( from ( RANGE ( . ( . ( . org hibernate ) test ) Bar ) bar ) ( join inner ( . ( . bar baz ) fooArray ) foo ) ) ) )
 \-[QUERY] Node: 'query'
    \-[SELECT_FROM] Node: 'SELECT_FROM'
       \-[FROM] Node: 'from'
          +-[RANGE] Node: 'RANGE'
          |  +-[DOT] Node: '.'
          |  |  +-[DOT] Node: '.'
          |  |  |  +-[DOT] Node: '.'
          |  |  |  |  +-[IDENT] Node: 'org'
          |  |  |  |  \-[IDENT] Node: 'hibernate'
          |  |  |  \-[IDENT] Node: 'test'
          |  |  \-[IDENT] Node: 'Bar'
          |  \-[ALIAS] Node: 'bar'
          \-[JOIN] Node: 'join'
             +-[INNER] Node: 'inner'
             +-[DOT] Node: '.'
             |  +-[DOT] Node: '.'
             |  |  +-[IDENT] Node: 'bar'
             |  |  \-[IDENT] Node: 'baz'
             |  \-[IDENT] Node: 'fooArray'
             \-[ALIAS] Node: 'foo'

input: ->select distinct foo from baz in class org.hibernate.test.Baz, foo in elements(baz.fooArray)<-
AST  :   ( query ( SELECT_FROM ( from ( RANGE ( . ( . ( . org hibernate ) test ) Baz ) baz ) ( join inner ( . baz fooArray ) foo ) ) ( select distinct foo ) ) )
 \-[QUERY] Node: 'query'
    \-[SELECT_FROM] Node: 'SELECT_FROM'
       +-[FROM] Node: 'from'
       |  +-[RANGE] Node: 'RANGE'
       |  |  +-[DOT] Node: '.'
       |  |  |  +-[DOT] Node: '.'
       |  |  |  |  +-[DOT] Node: '.'
       |  |  |  |  |  +-[IDENT] Node: 'org'
       |  |  |  |  |  \-[IDENT] Node: 'hibernate'
       |  |  |  |  \-[IDENT] Node: 'test'
       |  |  |  \-[IDENT] Node: 'Baz'
       |  |  \-[ALIAS] Node: 'baz'
       |  \-[JOIN] Node: 'join'
       |     +-[INNER] Node: 'inner'
       |     +-[DOT] Node: '.'
       |     |  +-[IDENT] Node: 'baz'
       |     |  \-[IDENT] Node: 'fooArray'
       |     \-[ALIAS] Node: 'foo'
       \-[SELECT] Node: 'select'
          +-[DISTINCT] Node: 'distinct'
          \-[IDENT] Node: 'foo'

input: ->select foo from baz in class org.hibernate.test.Baz, foo in elements(baz.fooSet)<-
AST  :   ( query ( SELECT_FROM ( from ( RANGE ( . ( . ( . org hibernate ) test ) Baz ) baz ) ( join inner ( . baz fooSet ) foo ) ) ( select foo ) ) )
 \-[QUERY] Node: 'query'
    \-[SELECT_FROM] Node: 'SELECT_FROM'
       +-[FROM] Node: 'from'
       |  +-[RANGE] Node: 'RANGE'
       |  |  +-[DOT] Node: '.'
       |  |  |  +-[DOT] Node: '.'
       |  |  |  |  +-[DOT] Node: '.'
       |  |  |  |  |  +-[IDENT] Node: 'org'
       |  |  |  |  |  \-[IDENT] Node: 'hibernate'
       |  |  |  |  \-[IDENT] Node: 'test'
       |  |  |  \-[IDENT] Node: 'Baz'
       |  |  \-[ALIAS] Node: 'baz'
       |  \-[JOIN] Node: 'join'
       |     +-[INNER] Node: 'inner'
       |     +-[DOT] Node: '.'
       |     |  +-[IDENT] Node: 'baz'
       |     |  \-[IDENT] Node: 'fooSet'
       |     \-[ALIAS] Node: 'foo'
       \-[SELECT] Node: 'select'
          \-[IDENT] Node: 'foo'

input: ->select foo from baz in class org.hibernate.test.Baz, foo in elements(baz.fooArray)<-
AST  :   ( query ( SELECT_FROM ( from ( RANGE ( . ( . ( . org hibernate ) test ) Baz ) baz ) ( join inner ( . baz fooArray ) foo ) ) ( select foo ) ) )
 \-[QUERY] Node: 'query'
    \-[SELECT_FROM] Node: 'SELECT_FROM'
       +-[FROM] Node: 'from'
       |  +-[RANGE] Node: 'RANGE'
       |  |  +-[DOT] Node: '.'
       |  |  |  +-[DOT] Node: '.'
       |  |  |  |  +-[DOT] Node: '.'
       |  |  |  |  |  +-[IDENT] Node: 'org'
       |  |  |  |  |  \-[IDENT] Node: 'hibernate'
       |  |  |  |  \-[IDENT] Node: 'test'
       |  |  |  \-[IDENT] Node: 'Baz'
       |  |  \-[ALIAS] Node: 'baz'
       |  \-[JOIN] Node: 'join'
       |     +-[INNER] Node: 'inner'
       |     +-[DOT] Node: '.'
       |     |  +-[IDENT] Node: 'baz'
       |     |  \-[IDENT] Node: 'fooArray'
       |     \-[ALIAS] Node: 'foo'
       \-[SELECT] Node: 'select'
          \-[IDENT] Node: 'foo'

input: ->from org.hibernate.test.Baz baz where 'b' in elements(baz.collectionComponent.nested.foos) and 1.0 in elements(baz.collectionComponent.nested.floats)<-
AST  :   ( query ( SELECT_FROM ( from ( RANGE ( . ( . ( . org hibernate ) test ) Baz ) baz ) ) ) ( where ( and ( in 'b' ( inList ( elements ( . ( . ( . baz collectionComponent ) nested ) foos ) ) ) ) ( in 1.0 ( inList ( elements ( . ( . ( . baz collectionComponent ) nested ) floats ) ) ) ) ) ) )
 \-[QUERY] Node: 'query'
    +-[SELECT_FROM] Node: 'SELECT_FROM'
    |  \-[FROM] Node: 'from'
    |     \-[RANGE] Node: 'RANGE'
    |        +-[DOT] Node: '.'
    |        |  +-[DOT] Node: '.'
    |        |  |  +-[DOT] Node: '.'
    |        |  |  |  +-[IDENT] Node: 'org'
    |        |  |  |  \-[IDENT] Node: 'hibernate'
    |        |  |  \-[IDENT] Node: 'test'
    |        |  \-[IDENT] Node: 'Baz'
    |        \-[ALIAS] Node: 'baz'
    \-[WHERE] Node: 'where'
       \-[AND] Node: 'and'
          +-[IN] Node: 'in'
          |  +-[QUOTED_STRING] Node: ''b''
          |  \-[IN_LIST] Node: 'inList'
          |     \-[ELEMENTS] Node: 'elements'
          |        \-[DOT] Node: '.'
          |           +-[DOT] Node: '.'
          |           |  +-[DOT] Node: '.'
          |           |  |  +-[IDENT] Node: 'baz'
          |           |  |  \-[IDENT] Node: 'collectionComponent'
          |           |  \-[IDENT] Node: 'nested'
          |           \-[IDENT] Node: 'foos'
          \-[IN] Node: 'in'
             +-[NUM_DOUBLE] Node: '1.0'
             \-[IN_LIST] Node: 'inList'
                \-[ELEMENTS] Node: 'elements'
                   \-[DOT] Node: '.'
                      +-[DOT] Node: '.'
                      |  +-[DOT] Node: '.'
                      |  |  +-[IDENT] Node: 'baz'
                      |  |  \-[IDENT] Node: 'collectionComponent'
                      |  \-[IDENT] Node: 'nested'
                      \-[IDENT] Node: 'floats'

input: ->select all s, s.other from s in class org.hibernate.test.Simple where s = :s<-
AST  :   ( query ( SELECT_FROM ( from ( RANGE ( . ( . ( . org hibernate ) test ) Simple ) s ) ) ( select ( all s ) ( . s other ) ) ) ( where ( = s ( : s ) ) ) )
 \-[QUERY] Node: 'query'
    +-[SELECT_FROM] Node: 'SELECT_FROM'
    |  +-[FROM] Node: 'from'
    |  |  \-[RANGE] Node: 'RANGE'
    |  |     +-[DOT] Node: '.'
    |  |     |  +-[DOT] Node: '.'
    |  |     |  |  +-[DOT] Node: '.'
    |  |     |  |  |  +-[IDENT] Node: 'org'
    |  |     |  |  |  \-[IDENT] Node: 'hibernate'
    |  |     |  |  \-[IDENT] Node: 'test'
    |  |     |  \-[IDENT] Node: 'Simple'
    |  |     \-[ALIAS] Node: 's'
    |  \-[SELECT] Node: 'select'
    |     +-[ALL] Node: 'all'
    |     |  \-[IDENT] Node: 's'
    |     \-[DOT] Node: '.'
    |        +-[IDENT] Node: 's'
    |        \-[IDENT] Node: 'other'
    \-[WHERE] Node: 'where'
       \-[EQ] Node: '='
          +-[IDENT] Node: 's'
          \-[COLON] Node: ':'
             \-[IDENT] Node: 's'

input: ->from eg.Cat cat where not ( cat.kittens.size < 1 )<-
AST  :   ( query ( SELECT_FROM ( from ( RANGE ( . eg Cat ) cat ) ) ) ( where ( {not}< ( . ( . cat kittens ) size ) 1 ) ) )
 \-[QUERY] Node: 'query'
    +-[SELECT_FROM] Node: 'SELECT_FROM'
    |  \-[FROM] Node: 'from'
    |     \-[RANGE] Node: 'RANGE'
    |        +-[DOT] Node: '.'
    |        |  +-[IDENT] Node: 'eg'
    |        |  \-[IDENT] Node: 'Cat'
    |        \-[ALIAS] Node: 'cat'
    \-[WHERE] Node: 'where'
       \-[GE] Node: '{not}<'
          +-[DOT] Node: '.'
          |  +-[DOT] Node: '.'
          |  |  +-[IDENT] Node: 'cat'
          |  |  \-[IDENT] Node: 'kittens'
          |  \-[IDENT] Node: 'size'
          \-[NUM_INT] Node: '1'

input: ->from eg.Cat cat where not ( cat.kittens.size > 1 )<-
AST  :   ( query ( SELECT_FROM ( from ( RANGE ( . eg Cat ) cat ) ) ) ( where ( {not}> ( . ( . cat kittens ) size ) 1 ) ) )
 \-[QUERY] Node: 'query'
    +-[SELECT_FROM] Node: 'SELECT_FROM'
    |  \-[FROM] Node: 'from'
    |     \-[RANGE] Node: 'RANGE'
    |        +-[DOT] Node: '.'
    |        |  +-[IDENT] Node: 'eg'
    |        |  \-[IDENT] Node: 'Cat'
    |        \-[ALIAS] Node: 'cat'
    \-[WHERE] Node: 'where'
       \-[LE] Node: '{not}>'
          +-[DOT] Node: '.'
          |  +-[DOT] Node: '.'
          |  |  +-[IDENT] Node: 'cat'
          |  |  \-[IDENT] Node: 'kittens'
          |  \-[IDENT] Node: 'size'
          \-[NUM_INT] Node: '1'

input: ->from eg.Cat cat where not ( cat.kittens.size >= 1 )<-
AST  :   ( query ( SELECT_FROM ( from ( RANGE ( . eg Cat ) cat ) ) ) ( where ( {not}>= ( . ( . cat kittens ) size ) 1 ) ) )
 \-[QUERY] Node: 'query'
    +-[SELECT_FROM] Node: 'SELECT_FROM'
    |  \-[FROM] Node: 'from'
    |     \-[RANGE] Node: 'RANGE'
    |        +-[DOT] Node: '.'
    |        |  +-[IDENT] Node: 'eg'
    |        |  \-[IDENT] Node: 'Cat'
    |        \-[ALIAS] Node: 'cat'
    \-[WHERE] Node: 'where'
       \-[LT] Node: '{not}>='
          +-[DOT] Node: '.'
          |  +-[DOT] Node: '.'
          |  |  +-[IDENT] Node: 'cat'
          |  |  \-[IDENT] Node: 'kittens'
          |  \-[IDENT] Node: 'size'
          \-[NUM_INT] Node: '1'

input: ->from eg.Cat cat where not ( cat.kittens.size <= 1 )<-
AST  :   ( query ( SELECT_FROM ( from ( RANGE ( . eg Cat ) cat ) ) ) ( where ( {not}<= ( . ( . cat kittens ) size ) 1 ) ) )
 \-[QUERY] Node: 'query'
    +-[SELECT_FROM] Node: 'SELECT_FROM'
    |  \-[FROM] Node: 'from'
    |     \-[RANGE] Node: 'RANGE'
    |        +-[DOT] Node: '.'
    |        |  +-[IDENT] Node: 'eg'
    |        |  \-[IDENT] Node: 'Cat'
    |        \-[ALIAS] Node: 'cat'
    \-[WHERE] Node: 'where'
       \-[GT] Node: '{not}<='
          +-[DOT] Node: '.'
          |  +-[DOT] Node: '.'
          |  |  +-[IDENT] Node: 'cat'
          |  |  \-[IDENT] Node: 'kittens'
          |  \-[IDENT] Node: 'size'
          \-[NUM_INT] Node: '1'

input: ->from eg.DomesticCat cat where not ( cat.name between 'A' and 'B' ) <-
AST  :   ( query ( SELECT_FROM ( from ( RANGE ( . eg DomesticCat ) cat ) ) ) ( where ( {not}between ( . cat name ) 'A' 'B' ) ) )
 \-[QUERY] Node: 'query'
    +-[SELECT_FROM] Node: 'SELECT_FROM'
    |  \-[FROM] Node: 'from'
    |     \-[RANGE] Node: 'RANGE'
    |        +-[DOT] Node: '.'
    |        |  +-[IDENT] Node: 'eg'
    |        |  \-[IDENT] Node: 'DomesticCat'
    |        \-[ALIAS] Node: 'cat'
    \-[WHERE] Node: 'where'
       \-[NOT_BETWEEN] Node: '{not}between'
          +-[DOT] Node: '.'
          |  +-[IDENT] Node: 'cat'
          |  \-[IDENT] Node: 'name'
          +-[QUOTED_STRING] Node: ''A''
          \-[QUOTED_STRING] Node: ''B''

input: ->from eg.DomesticCat cat where not ( cat.name not between 'A' and 'B' ) <-
AST  :   ( query ( SELECT_FROM ( from ( RANGE ( . eg DomesticCat ) cat ) ) ) ( where ( {not}not between ( . cat name ) 'A' 'B' ) ) )
 \-[QUERY] Node: 'query'
    +-[SELECT_FROM] Node: 'SELECT_FROM'
    |  \-[FROM] Node: 'from'
    |     \-[RANGE] Node: 'RANGE'
    |        +-[DOT] Node: '.'
    |        |  +-[IDENT] Node: 'eg'
    |        |  \-[IDENT] Node: 'DomesticCat'
    |        \-[ALIAS] Node: 'cat'
    \-[WHERE] Node: 'where'
       \-[BETWEEN] Node: '{not}not between'
          +-[DOT] Node: '.'
          |  +-[IDENT] Node: 'cat'
          |  \-[IDENT] Node: 'name'
          +-[QUOTED_STRING] Node: ''A''
          \-[QUOTED_STRING] Node: ''B''

input: ->from eg.Cat cat where not ( not cat.kittens.size <= 1 )<-
AST  :   ( query ( SELECT_FROM ( from ( RANGE ( . eg Cat ) cat ) ) ) ( where ( {not}{not}<= ( . ( . cat kittens ) size ) 1 ) ) )
 \-[QUERY] Node: 'query'
    +-[SELECT_FROM] Node: 'SELECT_FROM'
    |  \-[FROM] Node: 'from'
    |     \-[RANGE] Node: 'RANGE'
    |        +-[DOT] Node: '.'
    |        |  +-[IDENT] Node: 'eg'
    |        |  \-[IDENT] Node: 'Cat'
    |        \-[ALIAS] Node: 'cat'
    \-[WHERE] Node: 'where'
       \-[LE] Node: '{not}{not}<='
          +-[DOT] Node: '.'
          |  +-[DOT] Node: '.'
          |  |  +-[IDENT] Node: 'cat'
          |  |  \-[IDENT] Node: 'kittens'
          |  \-[IDENT] Node: 'size'
          \-[NUM_INT] Node: '1'

input: ->from eg.Cat cat where not  not ( not cat.kittens.size <= 1 )<-
AST  :   ( query ( SELECT_FROM ( from ( RANGE ( . eg Cat ) cat ) ) ) ( where ( {not}{not}{not}<= ( . ( . cat kittens ) size ) 1 ) ) )
 \-[QUERY] Node: 'query'
    +-[SELECT_FROM] Node: 'SELECT_FROM'
    |  \-[FROM] Node: 'from'
    |     \-[RANGE] Node: 'RANGE'
    |        +-[DOT] Node: '.'
    |        |  +-[IDENT] Node: 'eg'
    |        |  \-[IDENT] Node: 'Cat'
    |        \-[ALIAS] Node: 'cat'
    \-[WHERE] Node: 'where'
       \-[GT] Node: '{not}{not}{not}<='
          +-[DOT] Node: '.'
          |  +-[DOT] Node: '.'
          |  |  +-[IDENT] Node: 'cat'
          |  |  \-[IDENT] Node: 'kittens'
          |  \-[IDENT] Node: 'size'
          \-[NUM_INT] Node: '1'

input: ->select bar from org.hibernate.test.Bar bar order by ((bar.x - :valueX)*(bar.x - :valueX))<-
AST  :   ( query ( SELECT_FROM ( from ( RANGE ( . ( . ( . org hibernate ) test ) Bar ) bar ) ) ( select bar ) ) ( order ( * ( - ( . bar x ) ( : valueX ) ) ( - ( . bar x ) ( : valueX ) ) ) ) )
 \-[QUERY] Node: 'query'
    +-[SELECT_FROM] Node: 'SELECT_FROM'
    |  +-[FROM] Node: 'from'
    |  |  \-[RANGE] Node: 'RANGE'
    |  |     +-[DOT] Node: '.'
    |  |     |  +-[DOT] Node: '.'
    |  |     |  |  +-[DOT] Node: '.'
    |  |     |  |  |  +-[IDENT] Node: 'org'
    |  |     |  |  |  \-[IDENT] Node: 'hibernate'
    |  |     |  |  \-[IDENT] Node: 'test'
    |  |     |  \-[IDENT] Node: 'Bar'
    |  |     \-[ALIAS] Node: 'bar'
    |  \-[SELECT] Node: 'select'
    |     \-[IDENT] Node: 'bar'
    \-[ORDER] Node: 'order'
       \-[STAR] Node: '*'
          +-[MINUS] Node: '-'
          |  +-[DOT] Node: '.'
          |  |  +-[IDENT] Node: 'bar'
          |  |  \-[IDENT] Node: 'x'
          |  \-[COLON] Node: ':'
          |     \-[IDENT] Node: 'valueX'
          \-[MINUS] Node: '-'
             +-[DOT] Node: '.'
             |  +-[IDENT] Node: 'bar'
             |  \-[IDENT] Node: 'x'
             \-[COLON] Node: ':'
                \-[IDENT] Node: 'valueX'

input: ->from bar in class org.hibernate.test.Bar, foo in elements(bar.baz.fooSet)<-
AST  :   ( query ( SELECT_FROM ( from ( RANGE ( . ( . ( . org hibernate ) test ) Bar ) bar ) ( join inner ( . ( . bar baz ) fooSet ) foo ) ) ) )
 \-[QUERY] Node: 'query'
    \-[SELECT_FROM] Node: 'SELECT_FROM'
       \-[FROM] Node: 'from'
          +-[RANGE] Node: 'RANGE'
          |  +-[DOT] Node: '.'
          |  |  +-[DOT] Node: '.'
          |  |  |  +-[DOT] Node: '.'
          |  |  |  |  +-[IDENT] Node: 'org'
          |  |  |  |  \-[IDENT] Node: 'hibernate'
          |  |  |  \-[IDENT] Node: 'test'
          |  |  \-[IDENT] Node: 'Bar'
          |  \-[ALIAS] Node: 'bar'
          \-[JOIN] Node: 'join'
             +-[INNER] Node: 'inner'
             +-[DOT] Node: '.'
             |  +-[DOT] Node: '.'
             |  |  +-[IDENT] Node: 'bar'
             |  |  \-[IDENT] Node: 'baz'
             |  \-[IDENT] Node: 'fooSet'
             \-[ALIAS] Node: 'foo'

input: ->from one in class org.hibernate.test.One, many in elements(one.manies) where one.id = 1 and many.id = 1<-
AST  :   ( query ( SELECT_FROM ( from ( RANGE ( . ( . ( . org hibernate ) test ) One ) one ) ( join inner ( . one manies ) many ) ) ) ( where ( and ( = ( . one id ) 1 ) ( = ( . many id ) 1 ) ) ) )
 \-[QUERY] Node: 'query'
    +-[SELECT_FROM] Node: 'SELECT_FROM'
    |  \-[FROM] Node: 'from'
    |     +-[RANGE] Node: 'RANGE'
    |     |  +-[DOT] Node: '.'
    |     |  |  +-[DOT] Node: '.'
    |     |  |  |  +-[DOT] Node: '.'
    |     |  |  |  |  +-[IDENT] Node: 'org'
    |     |  |  |  |  \-[IDENT] Node: 'hibernate'
    |     |  |  |  \-[IDENT] Node: 'test'
    |     |  |  \-[IDENT] Node: 'One'
    |     |  \-[ALIAS] Node: 'one'
    |     \-[JOIN] Node: 'join'
    |        +-[INNER] Node: 'inner'
    |        +-[DOT] Node: '.'
    |        |  +-[IDENT] Node: 'one'
    |        |  \-[IDENT] Node: 'manies'
    |        \-[ALIAS] Node: 'many'
    \-[WHERE] Node: 'where'
       \-[AND] Node: 'and'
          +-[EQ] Node: '='
          |  +-[DOT] Node: '.'
          |  |  +-[IDENT] Node: 'one'
          |  |  \-[IDENT] Node: 'id'
          |  \-[NUM_INT] Node: '1'
          \-[EQ] Node: '='
             +-[DOT] Node: '.'
             |  +-[IDENT] Node: 'many'
             |  \-[IDENT] Node: 'id'
             \-[NUM_INT] Node: '1'

input: ->from org.hibernate.test.Inner _inner join _inner.middles middle<-
14:13:24,686 DEBUG ErrorCounter:63 - Keyword  'Inner' is being interpreted as an identifier due to: expecting IDENT, found 'Inner'
AST  :   ( query ( SELECT_FROM ( from ( RANGE ( . ( . ( . org hibernate ) test ) Inner ) _inner ) ( join ( . _inner middles ) middle ) ) ) )
 \-[QUERY] Node: 'query'
    \-[SELECT_FROM] Node: 'SELECT_FROM'
       \-[FROM] Node: 'from'
          +-[RANGE] Node: 'RANGE'
          |  +-[DOT] Node: '.'
          |  |  +-[DOT] Node: '.'
          |  |  |  +-[DOT] Node: '.'
          |  |  |  |  +-[IDENT] Node: 'org'
          |  |  |  |  \-[IDENT] Node: 'hibernate'
          |  |  |  \-[IDENT] Node: 'test'
          |  |  \-[WEIRD_IDENT] Node: 'Inner'
          |  \-[ALIAS] Node: '_inner'
          \-[JOIN] Node: 'join'
             +-[DOT] Node: '.'
             |  +-[IDENT] Node: '_inner'
             |  \-[IDENT] Node: 'middles'
             \-[ALIAS] Node: 'middle'

input: ->FROM m IN CLASS org.hibernate.test.Master WHERE NOT EXISTS ( FROM d IN elements(m.details) WHERE NOT d.i=5 )<-
AST  :   ( query ( SELECT_FROM ( FROM ( RANGE ( . ( . ( . org hibernate ) test ) Master ) m ) ) ) ( WHERE ( not ( EXISTS ( query ( SELECT_FROM ( FROM ( join inner ( . m details ) d ) ) ) ( WHERE ( {not}= ( . d i ) 5 ) ) ) ) ) ) )
 \-[QUERY] Node: 'query'
    +-[SELECT_FROM] Node: 'SELECT_FROM'
    |  \-[FROM] Node: 'FROM'
    |     \-[RANGE] Node: 'RANGE'
    |        +-[DOT] Node: '.'
    |        |  +-[DOT] Node: '.'
    |        |  |  +-[DOT] Node: '.'
    |        |  |  |  +-[IDENT] Node: 'org'
    |        |  |  |  \-[IDENT] Node: 'hibernate'
    |        |  |  \-[IDENT] Node: 'test'
    |        |  \-[IDENT] Node: 'Master'
    |        \-[ALIAS] Node: 'm'
    \-[WHERE] Node: 'WHERE'
       \-[NOT] Node: 'not'
          \-[EXISTS] Node: 'EXISTS'
             \-[QUERY] Node: 'query'
                +-[SELECT_FROM] Node: 'SELECT_FROM'
                |  \-[FROM] Node: 'FROM'
                |     \-[JOIN] Node: 'join'
                |        +-[INNER] Node: 'inner'
                |        +-[DOT] Node: '.'
                |        |  +-[IDENT] Node: 'm'
                |        |  \-[IDENT] Node: 'details'
                |        \-[ALIAS] Node: 'd'
                \-[WHERE] Node: 'WHERE'
                   \-[NE] Node: '{not}='
                      +-[DOT] Node: '.'
                      |  +-[IDENT] Node: 'd'
                      |  \-[IDENT] Node: 'i'
                      \-[NUM_INT] Node: '5'

input: ->FROM m IN CLASS org.hibernate.test.Master WHERE NOT 5 IN ( SELECT d.i FROM d IN elements(m.details) )<-
AST  :   ( query ( SELECT_FROM ( FROM ( RANGE ( . ( . ( . org hibernate ) test ) Master ) m ) ) ) ( WHERE ( {not}in 5 ( inList ( query ( SELECT_FROM ( FROM ( join inner ( . m details ) d ) ) ( SELECT ( . d i ) ) ) ) ) ) ) )
 \-[QUERY] Node: 'query'
    +-[SELECT_FROM] Node: 'SELECT_FROM'
    |  \-[FROM] Node: 'FROM'
    |     \-[RANGE] Node: 'RANGE'
    |        +-[DOT] Node: '.'
    |        |  +-[DOT] Node: '.'
    |        |  |  +-[DOT] Node: '.'
    |        |  |  |  +-[IDENT] Node: 'org'
    |        |  |  |  \-[IDENT] Node: 'hibernate'
    |        |  |  \-[IDENT] Node: 'test'
    |        |  \-[IDENT] Node: 'Master'
    |        \-[ALIAS] Node: 'm'
    \-[WHERE] Node: 'WHERE'
       \-[NOT_IN] Node: '{not}in'
          +-[NUM_INT] Node: '5'
          \-[IN_LIST] Node: 'inList'
             \-[QUERY] Node: 'query'
                \-[SELECT_FROM] Node: 'SELECT_FROM'
                   +-[FROM] Node: 'FROM'
                   |  \-[JOIN] Node: 'join'
                   |     +-[INNER] Node: 'inner'
                   |     +-[DOT] Node: '.'
                   |     |  +-[IDENT] Node: 'm'
                   |     |  \-[IDENT] Node: 'details'
                   |     \-[ALIAS] Node: 'd'
                   \-[SELECT] Node: 'SELECT'
                      \-[DOT] Node: '.'
                         +-[IDENT] Node: 'd'
                         \-[IDENT] Node: 'i'

input: ->SELECT m FROM m IN CLASS org.hibernate.test.Master, d IN elements(m.details) WHERE d.i=5<-
AST  :   ( query ( SELECT_FROM ( FROM ( RANGE ( . ( . ( . org hibernate ) test ) Master ) m ) ( join inner ( . m details ) d ) ) ( SELECT m ) ) ( WHERE ( = ( . d i ) 5 ) ) )
 \-[QUERY] Node: 'query'
    +-[SELECT_FROM] Node: 'SELECT_FROM'
    |  +-[FROM] Node: 'FROM'
    |  |  +-[RANGE] Node: 'RANGE'
    |  |  |  +-[DOT] Node: '.'
    |  |  |  |  +-[DOT] Node: '.'
    |  |  |  |  |  +-[DOT] Node: '.'
    |  |  |  |  |  |  +-[IDENT] Node: 'org'
    |  |  |  |  |  |  \-[IDENT] Node: 'hibernate'
    |  |  |  |  |  \-[IDENT] Node: 'test'
    |  |  |  |  \-[IDENT] Node: 'Master'
    |  |  |  \-[ALIAS] Node: 'm'
    |  |  \-[JOIN] Node: 'join'
    |  |     +-[INNER] Node: 'inner'
    |  |     +-[DOT] Node: '.'
    |  |     |  +-[IDENT] Node: 'm'
    |  |     |  \-[IDENT] Node: 'details'
    |  |     \-[ALIAS] Node: 'd'
    |  \-[SELECT] Node: 'SELECT'
    |     \-[IDENT] Node: 'm'
    \-[WHERE] Node: 'WHERE'
       \-[EQ] Node: '='
          +-[DOT] Node: '.'
          |  +-[IDENT] Node: 'd'
          |  \-[IDENT] Node: 'i'
          \-[NUM_INT] Node: '5'

input: ->SELECT m FROM m IN CLASS org.hibernate.test.Master, d IN elements(m.details) WHERE d.i=5<-
AST  :   ( query ( SELECT_FROM ( FROM ( RANGE ( . ( . ( . org hibernate ) test ) Master ) m ) ( join inner ( . m details ) d ) ) ( SELECT m ) ) ( WHERE ( = ( . d i ) 5 ) ) )
 \-[QUERY] Node: 'query'
    +-[SELECT_FROM] Node: 'SELECT_FROM'
    |  +-[FROM] Node: 'FROM'
    |  |  +-[RANGE] Node: 'RANGE'
    |  |  |  +-[DOT] Node: '.'
    |  |  |  |  +-[DOT] Node: '.'
    |  |  |  |  |  +-[DOT] Node: '.'
    |  |  |  |  |  |  +-[IDENT] Node: 'org'
    |  |  |  |  |  |  \-[IDENT] Node: 'hibernate'
    |  |  |  |  |  \-[IDENT] Node: 'test'
    |  |  |  |  \-[IDENT] Node: 'Master'
    |  |  |  \-[ALIAS] Node: 'm'
    |  |  \-[JOIN] Node: 'join'
    |  |     +-[INNER] Node: 'inner'
    |  |     +-[DOT] Node: '.'
    |  |     |  +-[IDENT] Node: 'm'
    |  |     |  \-[IDENT] Node: 'details'
    |  |     \-[ALIAS] Node: 'd'
    |  \-[SELECT] Node: 'SELECT'
    |     \-[IDENT] Node: 'm'
    \-[WHERE] Node: 'WHERE'
       \-[EQ] Node: '='
          +-[DOT] Node: '.'
          |  +-[IDENT] Node: 'd'
          |  \-[IDENT] Node: 'i'
          \-[NUM_INT] Node: '5'

input: ->SELECT m.id FROM m IN CLASS org.hibernate.test.Master, d IN elements(m.details) WHERE d.i=5<-
AST  :   ( query ( SELECT_FROM ( FROM ( RANGE ( . ( . ( . org hibernate ) test ) Master ) m ) ( join inner ( . m details ) d ) ) ( SELECT ( . m id ) ) ) ( WHERE ( = ( . d i ) 5 ) ) )
 \-[QUERY] Node: 'query'
    +-[SELECT_FROM] Node: 'SELECT_FROM'
    |  +-[FROM] Node: 'FROM'
    |  |  +-[RANGE] Node: 'RANGE'
    |  |  |  +-[DOT] Node: '.'
    |  |  |  |  +-[DOT] Node: '.'
    |  |  |  |  |  +-[DOT] Node: '.'
    |  |  |  |  |  |  +-[IDENT] Node: 'org'
    |  |  |  |  |  |  \-[IDENT] Node: 'hibernate'
    |  |  |  |  |  \-[IDENT] Node: 'test'
    |  |  |  |  \-[IDENT] Node: 'Master'
    |  |  |  \-[ALIAS] Node: 'm'
    |  |  \-[JOIN] Node: 'join'
    |  |     +-[INNER] Node: 'inner'
    |  |     +-[DOT] Node: '.'
    |  |     |  +-[IDENT] Node: 'm'
    |  |     |  \-[IDENT] Node: 'details'
    |  |     \-[ALIAS] Node: 'd'
    |  \-[SELECT] Node: 'SELECT'
    |     \-[DOT] Node: '.'
    |        +-[IDENT] Node: 'm'
    |        \-[IDENT] Node: 'id'
    \-[WHERE] Node: 'WHERE'
       \-[EQ] Node: '='
          +-[DOT] Node: '.'
          |  +-[IDENT] Node: 'd'
          |  \-[IDENT] Node: 'i'
          \-[NUM_INT] Node: '5'

input: ->select object(a) from Animal a where a.mother member of a.offspring<-
AST  :   ( query ( SELECT_FROM ( from ( RANGE Animal a ) ) ( select ( object a ) ) ) ( where ( in ( . a mother ) ( inList ( elements ( . a offspring ) ) ) ) ) )
 \-[QUERY] Node: 'query'
    +-[SELECT_FROM] Node: 'SELECT_FROM'
    |  +-[FROM] Node: 'from'
    |  |  \-[RANGE] Node: 'RANGE'
    |  |     +-[IDENT] Node: 'Animal'
    |  |     \-[ALIAS] Node: 'a'
    |  \-[SELECT] Node: 'select'
    |     \-[OBJECT] Node: 'object'
    |        \-[IDENT] Node: 'a'
    \-[WHERE] Node: 'where'
       \-[IN] Node: 'in'
          +-[DOT] Node: '.'
          |  +-[IDENT] Node: 'a'
          |  \-[IDENT] Node: 'mother'
          \-[IN_LIST] Node: 'inList'
             \-[ELEMENTS] Node: 'elements'
                \-[DOT] Node: '.'
                   +-[IDENT] Node: 'a'
                   \-[IDENT] Node: 'offspring'

input: ->select object(a) from Animal a where a.mother member a.offspring<-
AST  :   ( query ( SELECT_FROM ( from ( RANGE Animal a ) ) ( select ( object a ) ) ) ( where ( in ( . a mother ) ( inList ( elements ( . a offspring ) ) ) ) ) )
 \-[QUERY] Node: 'query'
    +-[SELECT_FROM] Node: 'SELECT_FROM'
    |  +-[FROM] Node: 'from'
    |  |  \-[RANGE] Node: 'RANGE'
    |  |     +-[IDENT] Node: 'Animal'
    |  |     \-[ALIAS] Node: 'a'
    |  \-[SELECT] Node: 'select'
    |     \-[OBJECT] Node: 'object'
    |        \-[IDENT] Node: 'a'
    \-[WHERE] Node: 'where'
       \-[IN] Node: 'in'
          +-[DOT] Node: '.'
          |  +-[IDENT] Node: 'a'
          |  \-[IDENT] Node: 'mother'
          \-[IN_LIST] Node: 'inList'
             \-[ELEMENTS] Node: 'elements'
                \-[DOT] Node: '.'
                   +-[IDENT] Node: 'a'
                   \-[IDENT] Node: 'offspring'

input: ->select object(a) from Animal a where a.offspring is empty<-
AST  :   ( query ( SELECT_FROM ( from ( RANGE Animal a ) ) ( select ( object a ) ) ) ( where ( not ( exists ( QUERY ( SELECT_FROM ( from ( RANGE ( . a offspring ) ) ) ) ) ) ) ) )
 \-[QUERY] Node: 'query'
    +-[SELECT_FROM] Node: 'SELECT_FROM'
    |  +-[FROM] Node: 'from'
    |  |  \-[RANGE] Node: 'RANGE'
    |  |     +-[IDENT] Node: 'Animal'
    |  |     \-[ALIAS] Node: 'a'
    |  \-[SELECT] Node: 'select'
    |     \-[OBJECT] Node: 'object'
    |        \-[IDENT] Node: 'a'
    \-[WHERE] Node: 'where'
       \-[NOT] Node: 'not'
          \-[EXISTS] Node: 'exists'
             \-[QUERY] Node: 'QUERY'
                \-[SELECT_FROM] Node: 'SELECT_FROM'
                   \-[FROM] Node: 'from'
                      \-[RANGE] Node: 'RANGE'
                         \-[DOT] Node: '.'
                            +-[IDENT] Node: 'a'
                            \-[IDENT] Node: 'offspring'

input: -><-
AST  :   ( query ( SELECT_FROM {filter-implied FROM} ) )
 \-[QUERY] Node: 'query'
    \-[SELECT_FROM] Node: 'SELECT_FROM'
       \-[FROM] Node: '{filter-implied FROM}'

input: ->order by this.id<-
AST  :   ( query ( SELECT_FROM {filter-implied FROM} ) ( order ( . this id ) ) )
 \-[QUERY] Node: 'query'
    +-[SELECT_FROM] Node: 'SELECT_FROM'
    |  \-[FROM] Node: '{filter-implied FROM}'
    \-[ORDER] Node: 'order'
       \-[DOT] Node: '.'
          +-[IDENT] Node: 'this'
          \-[IDENT] Node: 'id'

input: ->where this.name = ?<-
AST  :   ( query ( SELECT_FROM {filter-implied FROM} ) ( where ( = ( . this name ) ? ) ) )
 \-[QUERY] Node: 'query'
    +-[SELECT_FROM] Node: 'SELECT_FROM'
    |  \-[FROM] Node: '{filter-implied FROM}'
    \-[WHERE] Node: 'where'
       \-[EQ] Node: '='
          +-[DOT] Node: '.'
          |  +-[IDENT] Node: 'this'
          |  \-[IDENT] Node: 'name'
          \-[PARAM] Node: '?'

***** This test ensures that an error is detected ERROR MESSAGES ARE OKAY!  *****
14:13:24,693 ERROR ErrorCounter:54 -  FROM expected (non-filter queries must contain a FROM clause)
14:13:24,693 ERROR ErrorCounter:50 -  FROM expected (non-filter queries must contain a FROM clause)
 FROM expected (non-filter queries must contain a FROM clause)
	at org.hibernate.hql.internal.antlr.HqlBaseParser.selectFrom(HqlBaseParser.java:1102)
	at org.hibernate.hql.internal.antlr.HqlBaseParser.queryRule(HqlBaseParser.java:720)
	at org.hibernate.hql.internal.antlr.HqlBaseParser.selectStatement(HqlBaseParser.java:313)
	at org.hibernate.hql.internal.antlr.HqlBaseParser.statement(HqlBaseParser.java:176)
	at org.hibernate.test.hql.HqlParserTest.testNoFrom(HqlParserTest.java:949)
	at sun.reflect.NativeMethodAccessorImpl.invoke0(Native Method)
	at sun.reflect.NativeMethodAccessorImpl.invoke(NativeMethodAccessorImpl.java:57)
	at sun.reflect.DelegatingMethodAccessorImpl.invoke(DelegatingMethodAccessorImpl.java:43)
	at java.lang.reflect.Method.invoke(Method.java:601)
	at org.junit.runners.model.FrameworkMethod$1.runReflectiveCall(FrameworkMethod.java:45)
	at org.junit.internal.runners.model.ReflectiveCallable.run(ReflectiveCallable.java:15)
	at org.junit.runners.model.FrameworkMethod.invokeExplosively(FrameworkMethod.java:42)
	at org.junit.internal.runners.statements.InvokeMethod.evaluate(InvokeMethod.java:20)
	at org.junit.runners.ParentRunner.runLeaf(ParentRunner.java:263)
	at org.junit.runners.BlockJUnit4ClassRunner.runChild(BlockJUnit4ClassRunner.java:68)
	at org.junit.runners.BlockJUnit4ClassRunner.runChild(BlockJUnit4ClassRunner.java:47)
	at org.junit.runners.ParentRunner$3.run(ParentRunner.java:231)
	at org.junit.runners.ParentRunner$1.schedule(ParentRunner.java:60)
	at org.junit.runners.ParentRunner.runChildren(ParentRunner.java:229)
	at org.junit.runners.ParentRunner.access$000(ParentRunner.java:50)
	at org.junit.runners.ParentRunner$2.evaluate(ParentRunner.java:222)
	at org.junit.runners.ParentRunner.run(ParentRunner.java:300)
	at org.gradle.api.internal.tasks.testing.junit.JUnitTestClassExecuter.runTestClass(JUnitTestClassExecuter.java:55)
	at org.gradle.api.internal.tasks.testing.junit.JUnitTestClassExecuter.execute(JUnitTestClassExecuter.java:42)
	at org.gradle.api.internal.tasks.testing.junit.JUnitTestClassProcessor.processTestClass(JUnitTestClassProcessor.java:75)
	at org.gradle.api.internal.tasks.testing.SuiteTestClassProcessor.processTestClass(SuiteTestClassProcessor.java:49)
	at sun.reflect.GeneratedMethodAccessor17.invoke(Unknown Source)
	at sun.reflect.DelegatingMethodAccessorImpl.invoke(DelegatingMethodAccessorImpl.java:43)
	at java.lang.reflect.Method.invoke(Method.java:601)
	at org.gradle.messaging.dispatch.ReflectionDispatch.dispatch(ReflectionDispatch.java:35)
	at org.gradle.messaging.dispatch.ReflectionDispatch.dispatch(ReflectionDispatch.java:24)
	at org.gradle.messaging.dispatch.ContextClassLoaderDispatch.dispatch(ContextClassLoaderDispatch.java:32)
	at org.gradle.messaging.dispatch.ProxyDispatchAdapter$DispatchingInvocationHandler.invoke(ProxyDispatchAdapter.java:93)
	at $Proxy2.processTestClass(Unknown Source)
	at org.gradle.api.internal.tasks.testing.worker.TestWorker.processTestClass(TestWorker.java:103)
	at sun.reflect.GeneratedMethodAccessor16.invoke(Unknown Source)
	at sun.reflect.DelegatingMethodAccessorImpl.invoke(DelegatingMethodAccessorImpl.java:43)
	at java.lang.reflect.Method.invoke(Method.java:601)
	at org.gradle.messaging.dispatch.ReflectionDispatch.dispatch(ReflectionDispatch.java:35)
	at org.gradle.messaging.dispatch.ReflectionDispatch.dispatch(ReflectionDispatch.java:24)
	at org.gradle.messaging.remote.internal.TypeCastDispatch.dispatch(TypeCastDispatch.java:30)
	at org.gradle.messaging.remote.internal.WorkerProtocol.handleIncoming(WorkerProtocol.java:53)
	at org.gradle.messaging.remote.internal.WorkerProtocol.handleIncoming(WorkerProtocol.java:31)
	at org.gradle.messaging.remote.internal.ProtocolStack$ProtocolStage.handleIncoming(ProtocolStack.java:167)
	at org.gradle.messaging.remote.internal.ProtocolStack$BottomStage.handleIncoming(ProtocolStack.java:277)
	at org.gradle.messaging.remote.internal.ProtocolStack$BottomConnection$1.run(ProtocolStack.java:299)
	at org.gradle.messaging.remote.internal.ProtocolStack$ExecuteRunnable.dispatch(ProtocolStack.java:120)
	at org.gradle.messaging.remote.internal.ProtocolStack$ExecuteRunnable.dispatch(ProtocolStack.java:116)
	at org.gradle.messaging.dispatch.AsyncDispatch.dispatchMessages(AsyncDispatch.java:132)
	at org.gradle.messaging.dispatch.AsyncDispatch.access$000(AsyncDispatch.java:33)
	at org.gradle.messaging.dispatch.AsyncDispatch$1.run(AsyncDispatch.java:72)
	at org.gradle.internal.concurrent.DefaultExecutorFactory$StoppableExecutorImpl$1.run(DefaultExecutorFactory.java:66)
	at java.util.concurrent.ThreadPoolExecutor.runWorker(ThreadPoolExecutor.java:1110)
	at java.util.concurrent.ThreadPoolExecutor$Worker.run(ThreadPoolExecutor.java:603)
	at java.lang.Thread.run(Thread.java:722)
***** END OF ERROR TEST  *****
input: ->select x from fmc_web.pool.Pool x left join x.containers c0 where (upper(x.name) = upper(':') and c0.id = 1)<-
AST  :   ( query ( SELECT_FROM ( from ( RANGE ( . ( . fmc_web pool ) Pool ) x ) ( join left ( . x containers ) c0 ) ) ( select x ) ) ( where ( and ( = ( ( upper ( exprList ( . x name ) ) ) ( ( upper ( exprList ':' ) ) ) ( = ( . c0 id ) 1 ) ) ) )
 \-[QUERY] Node: 'query'
    +-[SELECT_FROM] Node: 'SELECT_FROM'
    |  +-[FROM] Node: 'from'
    |  |  +-[RANGE] Node: 'RANGE'
    |  |  |  +-[DOT] Node: '.'
    |  |  |  |  +-[DOT] Node: '.'
    |  |  |  |  |  +-[IDENT] Node: 'fmc_web'
    |  |  |  |  |  \-[IDENT] Node: 'pool'
    |  |  |  |  \-[IDENT] Node: 'Pool'
    |  |  |  \-[ALIAS] Node: 'x'
    |  |  \-[JOIN] Node: 'join'
    |  |     +-[LEFT] Node: 'left'
    |  |     +-[DOT] Node: '.'
    |  |     |  +-[IDENT] Node: 'x'
    |  |     |  \-[IDENT] Node: 'containers'
    |  |     \-[ALIAS] Node: 'c0'
    |  \-[SELECT] Node: 'select'
    |     \-[IDENT] Node: 'x'
    \-[WHERE] Node: 'where'
       \-[AND] Node: 'and'
          +-[EQ] Node: '='
          |  +-[METHOD_CALL] Node: '('
          |  |  +-[IDENT] Node: 'upper'
          |  |  \-[EXPR_LIST] Node: 'exprList'
          |  |     \-[DOT] Node: '.'
          |  |        +-[IDENT] Node: 'x'
          |  |        \-[IDENT] Node: 'name'
          |  \-[METHOD_CALL] Node: '('
          |     +-[IDENT] Node: 'upper'
          |     \-[EXPR_LIST] Node: 'exprList'
          |        \-[QUOTED_STRING] Node: '':''
          \-[EQ] Node: '='
             +-[DOT] Node: '.'
             |  +-[IDENT] Node: 'c0'
             |  \-[IDENT] Node: 'id'
             \-[NUM_INT] Node: '1'

input: ->from Customer c where c.order.status = 'argh'<-
14:13:24,694 DEBUG HqlParser:378 - handleDotIdent() : new LT(2) token - [".",<15> previously: <15>,line=1,col=24,possibleID=false]
AST  :   ( query ( SELECT_FROM ( from ( RANGE Customer c ) ) ) ( where ( = ( . ( . c order ) status ) 'argh' ) ) )
 \-[QUERY] Node: 'query'
    +-[SELECT_FROM] Node: 'SELECT_FROM'
    |  \-[FROM] Node: 'from'
    |     \-[RANGE] Node: 'RANGE'
    |        +-[IDENT] Node: 'Customer'
    |        \-[ALIAS] Node: 'c'
    \-[WHERE] Node: 'where'
       \-[EQ] Node: '='
          +-[DOT] Node: '.'
          |  +-[DOT] Node: '.'
          |  |  +-[IDENT] Node: 'c'
          |  |  \-[IDENT] Node: 'order'
          |  \-[IDENT] Node: 'status'
          \-[QUOTED_STRING] Node: ''argh''

input: ->from Customer c where c.order.count > 3<-
14:13:24,695 DEBUG HqlParser:378 - handleDotIdent() : new LT(2) token - [".",<15> previously: <15>,line=1,col=24,possibleID=false]
14:13:24,695 DEBUG ErrorCounter:63 - Keyword  'count' is being interpreted as an identifier due to: expecting IDENT, found 'count'
AST  :   ( query ( SELECT_FROM ( from ( RANGE Customer c ) ) ) ( where ( > ( . ( . c order ) count ) 3 ) ) )
 \-[QUERY] Node: 'query'
    +-[SELECT_FROM] Node: 'SELECT_FROM'
    |  \-[FROM] Node: 'from'
    |     \-[RANGE] Node: 'RANGE'
    |        +-[IDENT] Node: 'Customer'
    |        \-[ALIAS] Node: 'c'
    \-[WHERE] Node: 'where'
       \-[GT] Node: '>'
          +-[DOT] Node: '.'
          |  +-[DOT] Node: '.'
          |  |  +-[IDENT] Node: 'c'
          |  |  \-[IDENT] Node: 'order'
          |  \-[WEIRD_IDENT] Node: 'count'
          \-[NUM_INT] Node: '3'

input: ->select c.where from Customer c where c.order.count > 3<-
14:13:24,723 DEBUG HqlParser:378 - handleDotIdent() : new LT(2) token - [".",<15> previously: <15>,line=1,col=9,possibleID=false]
14:13:24,723 DEBUG HqlParser:378 - handleDotIdent() : new LT(2) token - [".",<15> previously: <15>,line=1,col=39,possibleID=false]
14:13:24,723 DEBUG ErrorCounter:63 - Keyword  'count' is being interpreted as an identifier due to: expecting IDENT, found 'count'
AST  :   ( query ( SELECT_FROM ( from ( RANGE Customer c ) ) ( select ( . c where ) ) ) ( where ( > ( . ( . c order ) count ) 3 ) ) )
 \-[QUERY] Node: 'query'
    +-[SELECT_FROM] Node: 'SELECT_FROM'
    |  +-[FROM] Node: 'from'
    |  |  \-[RANGE] Node: 'RANGE'
    |  |     +-[IDENT] Node: 'Customer'
    |  |     \-[ALIAS] Node: 'c'
    |  \-[SELECT] Node: 'select'
    |     \-[DOT] Node: '.'
    |        +-[IDENT] Node: 'c'
    |        \-[IDENT] Node: 'where'
    \-[WHERE] Node: 'where'
       \-[GT] Node: '>'
          +-[DOT] Node: '.'
          |  +-[DOT] Node: '.'
          |  |  +-[IDENT] Node: 'c'
          |  |  \-[IDENT] Node: 'order'
          |  \-[WEIRD_IDENT] Node: 'count'
          \-[NUM_INT] Node: '3'

input: ->from Interval i where i.end <:end<-
14:13:24,724 DEBUG HqlParser:378 - handleDotIdent() : new LT(2) token - [".",<15> previously: <15>,line=1,col=24,possibleID=false]
14:13:24,724 DEBUG ErrorCounter:63 - Keyword  'end' is being interpreted as an identifier due to: expecting IDENT, found 'end'
AST  :   ( query ( SELECT_FROM ( from ( RANGE Interval i ) ) ) ( where ( < ( . i end ) ( : end ) ) ) )
 \-[QUERY] Node: 'query'
    +-[SELECT_FROM] Node: 'SELECT_FROM'
    |  \-[FROM] Node: 'from'
    |     \-[RANGE] Node: 'RANGE'
    |        +-[IDENT] Node: 'Interval'
    |        \-[ALIAS] Node: 'i'
    \-[WHERE] Node: 'where'
       \-[LT] Node: '<'
          +-[DOT] Node: '.'
          |  +-[IDENT] Node: 'i'
          |  \-[IDENT] Node: 'end'
          \-[COLON] Node: ':'
             \-[WEIRD_IDENT] Node: 'end'

input: ->from Letter l where l.case = :case<-
14:13:24,725 DEBUG HqlParser:378 - handleDotIdent() : new LT(2) token - [".",<15> previously: <15>,line=1,col=22,possibleID=false]
14:13:24,725 DEBUG ErrorCounter:63 - Keyword  'case' is being interpreted as an identifier due to: expecting IDENT, found 'case'
AST  :   ( query ( SELECT_FROM ( from ( RANGE Letter l ) ) ) ( where ( = ( . l case ) ( : case ) ) ) )
 \-[QUERY] Node: 'query'
    +-[SELECT_FROM] Node: 'SELECT_FROM'
    |  \-[FROM] Node: 'from'
    |     \-[RANGE] Node: 'RANGE'
    |        +-[IDENT] Node: 'Letter'
    |        \-[ALIAS] Node: 'l'
    \-[WHERE] Node: 'where'
       \-[EQ] Node: '='
          +-[DOT] Node: '.'
          |  +-[IDENT] Node: 'l'
          |  \-[IDENT] Node: 'case'
          \-[COLON] Node: ':'
             \-[WEIRD_IDENT] Node: 'case'

input: ->from Order order<-
14:13:24,760 DEBUG HqlParser:347 - weakKeywords() : new LT(1) token - ["Order",<108> previously: <41>,line=1,col=6,possibleID=true]
14:13:24,760 DEBUG HqlParser:347 - weakKeywords() : new LT(1) token - ["order",<108> previously: <41>,line=1,col=12,possibleID=true]
AST  :   ( query ( SELECT_FROM ( from ( RANGE Order order ) ) ) )
 \-[QUERY] Node: 'query'
    \-[SELECT_FROM] Node: 'SELECT_FROM'
       \-[FROM] Node: 'from'
          \-[RANGE] Node: 'RANGE'
             +-[IDENT] Node: 'Order'
             \-[ALIAS] Node: 'order'

input: ->from X x order by x.group.by.from<-
14:13:24,761 DEBUG HqlParser:378 - handleDotIdent() : new LT(2) token - [".",<15> previously: <15>,line=1,col=20,possibleID=false]
14:13:24,761 DEBUG ErrorCounter:63 - Keyword  'by' is being interpreted as an identifier due to: expecting IDENT, found 'by'
14:13:24,761 DEBUG ErrorCounter:63 - Keyword  'from' is being interpreted as an identifier due to: expecting IDENT, found 'from'
AST  :   ( query ( SELECT_FROM ( from ( RANGE X x ) ) ) ( order ( . ( . ( . x group ) by ) from ) ) )
 \-[QUERY] Node: 'query'
    +-[SELECT_FROM] Node: 'SELECT_FROM'
    |  \-[FROM] Node: 'from'
    |     \-[RANGE] Node: 'RANGE'
    |        +-[IDENT] Node: 'X'
    |        \-[ALIAS] Node: 'x'
    \-[ORDER] Node: 'order'
       \-[DOT] Node: '.'
          +-[DOT] Node: '.'
          |  +-[DOT] Node: '.'
          |  |  +-[IDENT] Node: 'x'
          |  |  \-[IDENT] Node: 'group'
          |  \-[WEIRD_IDENT] Node: 'by'
          \-[WEIRD_IDENT] Node: 'from'

input: ->from Order x order by x.order.group.by.from<-
14:13:24,771 DEBUG HqlParser:347 - weakKeywords() : new LT(1) token - ["Order",<108> previously: <41>,line=1,col=6,possibleID=true]
14:13:24,771 DEBUG HqlParser:378 - handleDotIdent() : new LT(2) token - [".",<15> previously: <15>,line=1,col=24,possibleID=false]
14:13:24,772 DEBUG ErrorCounter:63 - Keyword  'group' is being interpreted as an identifier due to: expecting IDENT, found 'group'
14:13:24,772 DEBUG ErrorCounter:63 - Keyword  'by' is being interpreted as an identifier due to: expecting IDENT, found 'by'
14:13:24,772 DEBUG ErrorCounter:63 - Keyword  'from' is being interpreted as an identifier due to: expecting IDENT, found 'from'
AST  :   ( query ( SELECT_FROM ( from ( RANGE Order x ) ) ) ( order ( . ( . ( . ( . x order ) group ) by ) from ) ) )
 \-[QUERY] Node: 'query'
    +-[SELECT_FROM] Node: 'SELECT_FROM'
    |  \-[FROM] Node: 'from'
    |     \-[RANGE] Node: 'RANGE'
    |        +-[IDENT] Node: 'Order'
    |        \-[ALIAS] Node: 'x'
    \-[ORDER] Node: 'order'
       \-[DOT] Node: '.'
          +-[DOT] Node: '.'
          |  +-[DOT] Node: '.'
          |  |  +-[DOT] Node: '.'
          |  |  |  +-[IDENT] Node: 'x'
          |  |  |  \-[IDENT] Node: 'order'
          |  |  \-[WEIRD_IDENT] Node: 'group'
          |  \-[WEIRD_IDENT] Node: 'by'
          \-[WEIRD_IDENT] Node: 'from'

input: ->select order.id from Order order<-
14:13:24,772 DEBUG HqlParser:347 - weakKeywords() : new LT(1) token - ["order",<108> previously: <41>,line=1,col=8,possibleID=true]
14:13:24,773 DEBUG HqlParser:347 - weakKeywords() : new LT(1) token - ["Order",<108> previously: <41>,line=1,col=22,possibleID=true]
14:13:24,773 DEBUG HqlParser:347 - weakKeywords() : new LT(1) token - ["order",<108> previously: <41>,line=1,col=28,possibleID=true]
AST  :   ( query ( SELECT_FROM ( from ( RANGE Order order ) ) ( select ( . order id ) ) ) )
 \-[QUERY] Node: 'query'
    \-[SELECT_FROM] Node: 'SELECT_FROM'
       +-[FROM] Node: 'from'
       |  \-[RANGE] Node: 'RANGE'
       |     +-[IDENT] Node: 'Order'
       |     \-[ALIAS] Node: 'order'
       \-[SELECT] Node: 'select'
          \-[DOT] Node: '.'
             +-[IDENT] Node: 'order'
             \-[IDENT] Node: 'id'

input: ->select order from Order order<-
14:13:24,784 DEBUG HqlParser:347 - weakKeywords() : new LT(1) token - ["order",<108> previously: <41>,line=1,col=8,possibleID=true]
14:13:24,785 DEBUG HqlParser:347 - weakKeywords() : new LT(1) token - ["Order",<108> previously: <41>,line=1,col=19,possibleID=true]
14:13:24,785 DEBUG HqlParser:347 - weakKeywords() : new LT(1) token - ["order",<108> previously: <41>,line=1,col=25,possibleID=true]
AST  :   ( query ( SELECT_FROM ( from ( RANGE Order order ) ) ( select order ) ) )
 \-[QUERY] Node: 'query'
    \-[SELECT_FROM] Node: 'SELECT_FROM'
       +-[FROM] Node: 'from'
       |  \-[RANGE] Node: 'RANGE'
       |     +-[IDENT] Node: 'Order'
       |     \-[ALIAS] Node: 'order'
       \-[SELECT] Node: 'select'
          \-[IDENT] Node: 'order'

input: ->from Order order where order.group.by.from is not null<-
14:13:24,785 DEBUG HqlParser:347 - weakKeywords() : new LT(1) token - ["Order",<108> previously: <41>,line=1,col=6,possibleID=true]
14:13:24,785 DEBUG HqlParser:347 - weakKeywords() : new LT(1) token - ["order",<108> previously: <41>,line=1,col=12,possibleID=true]
14:13:24,786 DEBUG HqlParser:347 - weakKeywords() : new LT(1) token - ["order",<108> previously: <41>,line=1,col=24,possibleID=true]
14:13:24,786 DEBUG HqlParser:378 - handleDotIdent() : new LT(2) token - [".",<15> previously: <15>,line=1,col=29,possibleID=false]
14:13:24,786 DEBUG ErrorCounter:63 - Keyword  'by' is being interpreted as an identifier due to: expecting IDENT, found 'by'
14:13:24,786 DEBUG ErrorCounter:63 - Keyword  'from' is being interpreted as an identifier due to: expecting IDENT, found 'from'
AST  :   ( query ( SELECT_FROM ( from ( RANGE Order order ) ) ) ( where ( is not null ( . ( . ( . order group ) by ) from ) ) ) )
 \-[QUERY] Node: 'query'
    +-[SELECT_FROM] Node: 'SELECT_FROM'
    |  \-[FROM] Node: 'from'
    |     \-[RANGE] Node: 'RANGE'
    |        +-[IDENT] Node: 'Order'
    |        \-[ALIAS] Node: 'order'
    \-[WHERE] Node: 'where'
       \-[IS_NOT_NULL] Node: 'is not null'
          \-[DOT] Node: '.'
             +-[DOT] Node: '.'
             |  +-[DOT] Node: '.'
             |  |  +-[IDENT] Node: 'order'
             |  |  \-[IDENT] Node: 'group'
             |  \-[WEIRD_IDENT] Node: 'by'
             \-[WEIRD_IDENT] Node: 'from'

input: ->from Order order order by order.group.by.from<-
14:13:24,787 DEBUG HqlParser:347 - weakKeywords() : new LT(1) token - ["Order",<108> previously: <41>,line=1,col=6,possibleID=true]
14:13:24,787 DEBUG HqlParser:347 - weakKeywords() : new LT(1) token - ["order",<108> previously: <41>,line=1,col=12,possibleID=true]
14:13:24,787 DEBUG HqlParser:347 - weakKeywords() : new LT(1) token - ["order",<108> previously: <41>,line=1,col=27,possibleID=true]
14:13:24,787 DEBUG HqlParser:378 - handleDotIdent() : new LT(2) token - [".",<15> previously: <15>,line=1,col=32,possibleID=false]
14:13:24,787 DEBUG ErrorCounter:63 - Keyword  'by' is being interpreted as an identifier due to: expecting IDENT, found 'by'
14:13:24,788 DEBUG ErrorCounter:63 - Keyword  'from' is being interpreted as an identifier due to: expecting IDENT, found 'from'
AST  :   ( query ( SELECT_FROM ( from ( RANGE Order order ) ) ) ( order ( . ( . ( . order group ) by ) from ) ) )
 \-[QUERY] Node: 'query'
    +-[SELECT_FROM] Node: 'SELECT_FROM'
    |  \-[FROM] Node: 'from'
    |     \-[RANGE] Node: 'RANGE'
    |        +-[IDENT] Node: 'Order'
    |        \-[ALIAS] Node: 'order'
    \-[ORDER] Node: 'order'
       \-[DOT] Node: '.'
          +-[DOT] Node: '.'
          |  +-[DOT] Node: '.'
          |  |  +-[IDENT] Node: 'order'
          |  |  \-[IDENT] Node: 'group'
          |  \-[WEIRD_IDENT] Node: 'by'
          \-[WEIRD_IDENT] Node: 'from'

input: ->from Group as group group by group.by.from<-
14:13:24,794 DEBUG HqlParser:347 - weakKeywords() : new LT(1) token - ["Group",<108> previously: <24>,line=1,col=6,possibleID=true]
14:13:24,794 DEBUG ErrorCounter:63 - Keyword  'group' is being interpreted as an identifier due to: expecting IDENT, found 'group'
14:13:24,795 DEBUG HqlParser:347 - weakKeywords() : new LT(1) token - ["group",<108> previously: <24>,line=1,col=30,possibleID=true]
14:13:24,795 DEBUG HqlParser:378 - handleDotIdent() : new LT(2) token - [".",<15> previously: <15>,line=1,col=35,possibleID=false]
14:13:24,795 DEBUG ErrorCounter:63 - Keyword  'from' is being interpreted as an identifier due to: expecting IDENT, found 'from'
AST  :   ( query ( SELECT_FROM ( from ( RANGE Group group ) ) ) ( group ( . ( . group by ) from ) ) )
 \-[QUERY] Node: 'query'
    +-[SELECT_FROM] Node: 'SELECT_FROM'
    |  \-[FROM] Node: 'from'
    |     \-[RANGE] Node: 'RANGE'
    |        +-[IDENT] Node: 'Group'
    |        \-[ALIAS] Node: 'group'
    \-[GROUP] Node: 'group'
       \-[DOT] Node: '.'
          +-[DOT] Node: '.'
          |  +-[IDENT] Node: 'group'
          |  \-[IDENT] Node: 'by'
          \-[WEIRD_IDENT] Node: 'from'

input: ->from Foo f where f.full = 'yep'<-
14:13:24,808 DEBUG HqlParser:378 - handleDotIdent() : new LT(2) token - [".",<15> previously: <15>,line=1,col=19,possibleID=false]
AST  :   ( query ( SELECT_FROM ( from ( RANGE Foo f ) ) ) ( where ( = ( . f full ) 'yep' ) ) )
 \-[QUERY] Node: 'query'
    +-[SELECT_FROM] Node: 'SELECT_FROM'
    |  \-[FROM] Node: 'from'
    |     \-[RANGE] Node: 'RANGE'
    |        +-[IDENT] Node: 'Foo'
    |        \-[ALIAS] Node: 'f'
    \-[WHERE] Node: 'where'
       \-[EQ] Node: '='
          +-[DOT] Node: '.'
          |  +-[IDENT] Node: 'f'
          |  \-[IDENT] Node: 'full'
          \-[QUOTED_STRING] Node: ''yep''

input: ->from org.hibernate.test.Bar bar where (b.x, b.y, b.z) in (select foo, bar, baz from org.hibernate.test.Foo)<-
AST  :   ( query ( SELECT_FROM ( from ( RANGE ( . ( . ( . org hibernate ) test ) Bar ) bar ) ) ) ( where ( in ( {vector} ( . b x ) ( . b y ) ( . b z ) ) ( inList ( query ( SELECT_FROM ( from ( RANGE ( . ( . ( . org hibernate ) test ) Foo ) ) ) ( select foo bar baz ) ) ) ) ) ) )
 \-[QUERY] Node: 'query'
    +-[SELECT_FROM] Node: 'SELECT_FROM'
    |  \-[FROM] Node: 'from'
    |     \-[RANGE] Node: 'RANGE'
    |        +-[DOT] Node: '.'
    |        |  +-[DOT] Node: '.'
    |        |  |  +-[DOT] Node: '.'
    |        |  |  |  +-[IDENT] Node: 'org'
    |        |  |  |  \-[IDENT] Node: 'hibernate'
    |        |  |  \-[IDENT] Node: 'test'
    |        |  \-[IDENT] Node: 'Bar'
    |        \-[ALIAS] Node: 'bar'
    \-[WHERE] Node: 'where'
       \-[IN] Node: 'in'
          +-[VECTOR_EXPR] Node: '{vector}'
          |  +-[DOT] Node: '.'
          |  |  +-[IDENT] Node: 'b'
          |  |  \-[IDENT] Node: 'x'
          |  +-[DOT] Node: '.'
          |  |  +-[IDENT] Node: 'b'
          |  |  \-[IDENT] Node: 'y'
          |  \-[DOT] Node: '.'
          |     +-[IDENT] Node: 'b'
          |     \-[IDENT] Node: 'z'
          \-[IN_LIST] Node: 'inList'
             \-[QUERY] Node: 'query'
                \-[SELECT_FROM] Node: 'SELECT_FROM'
                   +-[FROM] Node: 'from'
                   |  \-[RANGE] Node: 'RANGE'
                   |     \-[DOT] Node: '.'
                   |        +-[DOT] Node: '.'
                   |        |  +-[DOT] Node: '.'
                   |        |  |  +-[IDENT] Node: 'org'
                   |        |  |  \-[IDENT] Node: 'hibernate'
                   |        |  \-[IDENT] Node: 'test'
                   |        \-[IDENT] Node: 'Foo'
                   \-[SELECT] Node: 'select'
                      +-[IDENT] Node: 'foo'
                      +-[IDENT] Node: 'bar'
                      \-[IDENT] Node: 'baz'

input: ->from eg.Cat<-
AST  :   ( query ( SELECT_FROM ( from ( RANGE ( . eg Cat ) ) ) ) )
 \-[QUERY] Node: 'query'
    \-[SELECT_FROM] Node: 'SELECT_FROM'
       \-[FROM] Node: 'from'
          \-[RANGE] Node: 'RANGE'
             \-[DOT] Node: '.'
                +-[IDENT] Node: 'eg'
                \-[IDENT] Node: 'Cat'

input: ->from eg.Cat as cat<-
AST  :   ( query ( SELECT_FROM ( from ( RANGE ( . eg Cat ) cat ) ) ) )
 \-[QUERY] Node: 'query'
    \-[SELECT_FROM] Node: 'SELECT_FROM'
       \-[FROM] Node: 'from'
          \-[RANGE] Node: 'RANGE'
             +-[DOT] Node: '.'
             |  +-[IDENT] Node: 'eg'
             |  \-[IDENT] Node: 'Cat'
             \-[ALIAS] Node: 'cat'

input: ->from eg.Cat cat<-
AST  :   ( query ( SELECT_FROM ( from ( RANGE ( . eg Cat ) cat ) ) ) )
 \-[QUERY] Node: 'query'
    \-[SELECT_FROM] Node: 'SELECT_FROM'
       \-[FROM] Node: 'from'
          \-[RANGE] Node: 'RANGE'
             +-[DOT] Node: '.'
             |  +-[IDENT] Node: 'eg'
             |  \-[IDENT] Node: 'Cat'
             \-[ALIAS] Node: 'cat'

input: ->from Formula, Parameter<-
AST  :   ( query ( SELECT_FROM ( from ( RANGE Formula ) ( RANGE Parameter ) ) ) )
 \-[QUERY] Node: 'query'
    \-[SELECT_FROM] Node: 'SELECT_FROM'
       \-[FROM] Node: 'from'
          +-[RANGE] Node: 'RANGE'
          |  \-[IDENT] Node: 'Formula'
          \-[RANGE] Node: 'RANGE'
             \-[IDENT] Node: 'Parameter'

input: ->from Formula as form, Parameter as param<-
AST  :   ( query ( SELECT_FROM ( from ( RANGE Formula form ) ( RANGE Parameter param ) ) ) )
 \-[QUERY] Node: 'query'
    \-[SELECT_FROM] Node: 'SELECT_FROM'
       \-[FROM] Node: 'from'
          +-[RANGE] Node: 'RANGE'
          |  +-[IDENT] Node: 'Formula'
          |  \-[ALIAS] Node: 'form'
          \-[RANGE] Node: 'RANGE'
             +-[IDENT] Node: 'Parameter'
[...]
    |  \-[FROM] Node: 'from'
    |     \-[RANGE] Node: 'RANGE'
    |        +-[DOT] Node: '.'
    |        |  +-[DOT] Node: '.'
    |        |  |  +-[DOT] Node: '.'
    |        |  |  |  +-[IDENT] Node: 'org'
    |        |  |  |  \-[IDENT] Node: 'hibernate'
    |        |  |  \-[IDENT] Node: 'test'
    |        |  \-[IDENT] Node: 'Top'
    |        \-[ALIAS] Node: 's'
    \-[WHERE] Node: 'where'
       \-[EQ] Node: '='
          +-[DOT] Node: '.'
          |  +-[IDENT] Node: 's'
          |  \-[IDENT] Node: 'count'
          \-[NUM_INT] Node: '1'

input: ->select s.count from s in class org.hibernate.test.Top, ls in class org.hibernate.test.Lower where ls.another=s<-
14:13:34,776 DEBUG HqlParser:378 - handleDotIdent() : new LT(2) token - [".",<15> previously: <15>,line=1,col=9,possibleID=false]
AST  :   ( query ( SELECT_FROM ( from ( RANGE ( . ( . ( . org hibernate ) test ) Top ) s ) ( RANGE ( . ( . ( . org hibernate ) test ) Lower ) ls ) ) ( select ( . s count ) ) ) ( where ( = ( . ls another ) s ) ) )
 \-[QUERY] Node: 'query'
    +-[SELECT_FROM] Node: 'SELECT_FROM'
    |  +-[FROM] Node: 'from'
    |  |  +-[RANGE] Node: 'RANGE'
    |  |  |  +-[DOT] Node: '.'
    |  |  |  |  +-[DOT] Node: '.'
    |  |  |  |  |  +-[DOT] Node: '.'
    |  |  |  |  |  |  +-[IDENT] Node: 'org'
    |  |  |  |  |  |  \-[IDENT] Node: 'hibernate'
    |  |  |  |  |  \-[IDENT] Node: 'test'
    |  |  |  |  \-[IDENT] Node: 'Top'
    |  |  |  \-[ALIAS] Node: 's'
    |  |  \-[RANGE] Node: 'RANGE'
    |  |     +-[DOT] Node: '.'
    |  |     |  +-[DOT] Node: '.'
    |  |     |  |  +-[DOT] Node: '.'
    |  |     |  |  |  +-[IDENT] Node: 'org'
    |  |     |  |  |  \-[IDENT] Node: 'hibernate'
    |  |     |  |  \-[IDENT] Node: 'test'
    |  |     |  \-[IDENT] Node: 'Lower'
    |  |     \-[ALIAS] Node: 'ls'
    |  \-[SELECT] Node: 'select'
    |     \-[DOT] Node: '.'
    |        +-[IDENT] Node: 's'
    |        \-[IDENT] Node: 'count'
    \-[WHERE] Node: 'where'
       \-[EQ] Node: '='
          +-[DOT] Node: '.'
          |  +-[IDENT] Node: 'ls'
          |  \-[IDENT] Node: 'another'
          \-[IDENT] Node: 's'

input: ->select elements(ls.bag), elements(ls.set) from ls in class org.hibernate.test.Lower<-
14:13:34,793 DEBUG ErrorCounter:63 - Keyword  'set' is being interpreted as an identifier due to: expecting IDENT, found 'set'
AST  :   ( query ( SELECT_FROM ( from ( RANGE ( . ( . ( . org hibernate ) test ) Lower ) ls ) ) ( select ( elements ( . ls bag ) ) ( elements ( . ls set ) ) ) ) )
 \-[QUERY] Node: 'query'
    \-[SELECT_FROM] Node: 'SELECT_FROM'
       +-[FROM] Node: 'from'
       |  \-[RANGE] Node: 'RANGE'
       |     +-[DOT] Node: '.'
       |     |  +-[DOT] Node: '.'
       |     |  |  +-[DOT] Node: '.'
       |     |  |  |  +-[IDENT] Node: 'org'
       |     |  |  |  \-[IDENT] Node: 'hibernate'
       |     |  |  \-[IDENT] Node: 'test'
       |     |  \-[IDENT] Node: 'Lower'
       |     \-[ALIAS] Node: 'ls'
       \-[SELECT] Node: 'select'
          +-[ELEMENTS] Node: 'elements'
          |  \-[DOT] Node: '.'
          |     +-[IDENT] Node: 'ls'
          |     \-[IDENT] Node: 'bag'
          \-[ELEMENTS] Node: 'elements'
             \-[DOT] Node: '.'
                +-[IDENT] Node: 'ls'
                \-[WEIRD_IDENT] Node: 'set'

input: ->from s in class org.hibernate.test.Lower<-
AST  :   ( query ( SELECT_FROM ( from ( RANGE ( . ( . ( . org hibernate ) test ) Lower ) s ) ) ) )
 \-[QUERY] Node: 'query'
    \-[SELECT_FROM] Node: 'SELECT_FROM'
       \-[FROM] Node: 'from'
          \-[RANGE] Node: 'RANGE'
             +-[DOT] Node: '.'
             |  +-[DOT] Node: '.'
             |  |  +-[DOT] Node: '.'
             |  |  |  +-[IDENT] Node: 'org'
             |  |  |  \-[IDENT] Node: 'hibernate'
             |  |  \-[IDENT] Node: 'test'
             |  \-[IDENT] Node: 'Lower'
             \-[ALIAS] Node: 's'

input: ->from s in class org.hibernate.test.Top<-
AST  :   ( query ( SELECT_FROM ( from ( RANGE ( . ( . ( . org hibernate ) test ) Top ) s ) ) ) )
 \-[QUERY] Node: 'query'
    \-[SELECT_FROM] Node: 'SELECT_FROM'
       \-[FROM] Node: 'from'
          \-[RANGE] Node: 'RANGE'
             +-[DOT] Node: '.'
             |  +-[DOT] Node: '.'
             |  |  +-[DOT] Node: '.'
             |  |  |  +-[IDENT] Node: 'org'
             |  |  |  \-[IDENT] Node: 'hibernate'
             |  |  \-[IDENT] Node: 'test'
             |  \-[IDENT] Node: 'Top'
             \-[ALIAS] Node: 's'

input: ->from sm in class org.hibernate.test.SubMulti<-
AST  :   ( query ( SELECT_FROM ( from ( RANGE ( . ( . ( . org hibernate ) test ) SubMulti ) sm ) ) ) )
 \-[QUERY] Node: 'query'
    \-[SELECT_FROM] Node: 'SELECT_FROM'
       \-[FROM] Node: 'from'
          \-[RANGE] Node: 'RANGE'
             +-[DOT] Node: '.'
             |  +-[DOT] Node: '.'
             |  |  +-[DOT] Node: '.'
             |  |  |  +-[IDENT] Node: 'org'
             |  |  |  \-[IDENT] Node: 'hibernate'
             |  |  \-[IDENT] Node: 'test'
             |  \-[IDENT] Node: 'SubMulti'
             \-[ALIAS] Node: 'sm'

input: ->select

s from s in class org.hibernate.test.Top where s.count>0<-
14:13:34,820 DEBUG HqlParser:378 - handleDotIdent() : new LT(2) token - [".",<15> previously: <15>,line=3,col=49,possibleID=false]
AST  :   ( query ( SELECT_FROM ( from ( RANGE ( . ( . ( . org hibernate ) test ) Top ) s ) ) ( select s ) ) ( where ( > ( . s count ) 0 ) ) )
 \-[QUERY] Node: 'query'
    +-[SELECT_FROM] Node: 'SELECT_FROM'
    |  +-[FROM] Node: 'from'
    |  |  \-[RANGE] Node: 'RANGE'
    |  |     +-[DOT] Node: '.'
    |  |     |  +-[DOT] Node: '.'
    |  |     |  |  +-[DOT] Node: '.'
    |  |     |  |  |  +-[IDENT] Node: 'org'
    |  |     |  |  |  \-[IDENT] Node: 'hibernate'
    |  |     |  |  \-[IDENT] Node: 'test'
    |  |     |  \-[IDENT] Node: 'Top'
    |  |     \-[ALIAS] Node: 's'
    |  \-[SELECT] Node: 'select'
    |     \-[IDENT] Node: 's'
    \-[WHERE] Node: 'where'
       \-[GT] Node: '>'
          +-[DOT] Node: '.'
          |  +-[IDENT] Node: 's'
          |  \-[IDENT] Node: 'count'
          \-[NUM_INT] Node: '0'

input: ->from m in class org.hibernate.test.Multi where m.count>0 and m.extraProp is not null<-
14:13:34,832 DEBUG HqlParser:378 - handleDotIdent() : new LT(2) token - [".",<15> previously: <15>,line=1,col=49,possibleID=false]
AST  :   ( query ( SELECT_FROM ( from ( RANGE ( . ( . ( . org hibernate ) test ) Multi ) m ) ) ) ( where ( and ( > ( . m count ) 0 ) ( is not null ( . m extraProp ) ) ) ) )
 \-[QUERY] Node: 'query'
    +-[SELECT_FROM] Node: 'SELECT_FROM'
    |  \-[FROM] Node: 'from'
    |     \-[RANGE] Node: 'RANGE'
    |        +-[DOT] Node: '.'
    |        |  +-[DOT] Node: '.'
    |        |  |  +-[DOT] Node: '.'
    |        |  |  |  +-[IDENT] Node: 'org'
    |        |  |  |  \-[IDENT] Node: 'hibernate'
    |        |  |  \-[IDENT] Node: 'test'
    |        |  \-[IDENT] Node: 'Multi'
    |        \-[ALIAS] Node: 'm'
    \-[WHERE] Node: 'where'
       \-[AND] Node: 'and'
          +-[GT] Node: '>'
          |  +-[DOT] Node: '.'
          |  |  +-[IDENT] Node: 'm'
          |  |  \-[IDENT] Node: 'count'
          |  \-[NUM_INT] Node: '0'
          \-[IS_NOT_NULL] Node: 'is not null'
             \-[DOT] Node: '.'
                +-[IDENT] Node: 'm'
                \-[IDENT] Node: 'extraProp'

input: ->from m in class org.hibernate.test.Top where m.count>0 and m.name is not null<-
14:13:34,843 DEBUG HqlParser:378 - handleDotIdent() : new LT(2) token - [".",<15> previously: <15>,line=1,col=47,possibleID=false]
AST  :   ( query ( SELECT_FROM ( from ( RANGE ( . ( . ( . org hibernate ) test ) Top ) m ) ) ) ( where ( and ( > ( . m count ) 0 ) ( is not null ( . m name ) ) ) ) )
 \-[QUERY] Node: 'query'
    +-[SELECT_FROM] Node: 'SELECT_FROM'
    |  \-[FROM] Node: 'from'
    |     \-[RANGE] Node: 'RANGE'
    |        +-[DOT] Node: '.'
    |        |  +-[DOT] Node: '.'
    |        |  |  +-[DOT] Node: '.'
    |        |  |  |  +-[IDENT] Node: 'org'
    |        |  |  |  \-[IDENT] Node: 'hibernate'
    |        |  |  \-[IDENT] Node: 'test'
    |        |  \-[IDENT] Node: 'Top'
    |        \-[ALIAS] Node: 'm'
    \-[WHERE] Node: 'where'
       \-[AND] Node: 'and'
          +-[GT] Node: '>'
          |  +-[DOT] Node: '.'
          |  |  +-[IDENT] Node: 'm'
          |  |  \-[IDENT] Node: 'count'
          |  \-[NUM_INT] Node: '0'
          \-[IS_NOT_NULL] Node: 'is not null'
             \-[DOT] Node: '.'
                +-[IDENT] Node: 'm'
                \-[IDENT] Node: 'name'

input: ->from m in class org.hibernate.test.Lower where m.other is not null<-
AST  :   ( query ( SELECT_FROM ( from ( RANGE ( . ( . ( . org hibernate ) test ) Lower ) m ) ) ) ( where ( is not null ( . m other ) ) ) )
 \-[QUERY] Node: 'query'
    +-[SELECT_FROM] Node: 'SELECT_FROM'
    |  \-[FROM] Node: 'from'
    |     \-[RANGE] Node: 'RANGE'
    |        +-[DOT] Node: '.'
    |        |  +-[DOT] Node: '.'
    |        |  |  +-[DOT] Node: '.'
    |        |  |  |  +-[IDENT] Node: 'org'
    |        |  |  |  \-[IDENT] Node: 'hibernate'
    |        |  |  \-[IDENT] Node: 'test'
    |        |  \-[IDENT] Node: 'Lower'
    |        \-[ALIAS] Node: 'm'
    \-[WHERE] Node: 'where'
       \-[IS_NOT_NULL] Node: 'is not null'
          \-[DOT] Node: '.'
             +-[IDENT] Node: 'm'
             \-[IDENT] Node: 'other'

input: ->from m in class org.hibernate.test.Multi where m.other.id = 1<-
AST  :   ( query ( SELECT_FROM ( from ( RANGE ( . ( . ( . org hibernate ) test ) Multi ) m ) ) ) ( where ( = ( . ( . m other ) id ) 1 ) ) )
 \-[QUERY] Node: 'query'
    +-[SELECT_FROM] Node: 'SELECT_FROM'
    |  \-[FROM] Node: 'from'
    |     \-[RANGE] Node: 'RANGE'
    |        +-[DOT] Node: '.'
    |        |  +-[DOT] Node: '.'
    |        |  |  +-[DOT] Node: '.'
    |        |  |  |  +-[IDENT] Node: 'org'
    |        |  |  |  \-[IDENT] Node: 'hibernate'
    |        |  |  \-[IDENT] Node: 'test'
    |        |  \-[IDENT] Node: 'Multi'
    |        \-[ALIAS] Node: 'm'
    \-[WHERE] Node: 'where'
       \-[EQ] Node: '='
          +-[DOT] Node: '.'
          |  +-[DOT] Node: '.'
          |  |  +-[IDENT] Node: 'm'
          |  |  \-[IDENT] Node: 'other'
          |  \-[IDENT] Node: 'id'
          \-[NUM_INT] Node: '1'

input: ->from m in class org.hibernate.test.SubMulti where m.amount > 0.0<-
AST  :   ( query ( SELECT_FROM ( from ( RANGE ( . ( . ( . org hibernate ) test ) SubMulti ) m ) ) ) ( where ( > ( . m amount ) 0.0 ) ) )
 \-[QUERY] Node: 'query'
    +-[SELECT_FROM] Node: 'SELECT_FROM'
    |  \-[FROM] Node: 'from'
    |     \-[RANGE] Node: 'RANGE'
    |        +-[DOT] Node: '.'
    |        |  +-[DOT] Node: '.'
    |        |  |  +-[DOT] Node: '.'
    |        |  |  |  +-[IDENT] Node: 'org'
    |        |  |  |  \-[IDENT] Node: 'hibernate'
    |        |  |  \-[IDENT] Node: 'test'
    |        |  \-[IDENT] Node: 'SubMulti'
    |        \-[ALIAS] Node: 'm'
    \-[WHERE] Node: 'where'
       \-[GT] Node: '>'
          +-[DOT] Node: '.'
          |  +-[IDENT] Node: 'm'
          |  \-[IDENT] Node: 'amount'
          \-[NUM_DOUBLE] Node: '0.0'

input: ->from m in class org.hibernate.test.Multi<-
AST  :   ( query ( SELECT_FROM ( from ( RANGE ( . ( . ( . org hibernate ) test ) Multi ) m ) ) ) )
 \-[QUERY] Node: 'query'
    \-[SELECT_FROM] Node: 'SELECT_FROM'
       \-[FROM] Node: 'from'
          \-[RANGE] Node: 'RANGE'
             +-[DOT] Node: '.'
             |  +-[DOT] Node: '.'
             |  |  +-[DOT] Node: '.'
             |  |  |  +-[IDENT] Node: 'org'
             |  |  |  \-[IDENT] Node: 'hibernate'
             |  |  \-[IDENT] Node: 'test'
             |  \-[IDENT] Node: 'Multi'
             \-[ALIAS] Node: 'm'

input: ->from m in class org.hibernate.test.Multi where m.class = SubMulti<-
14:13:34,882 DEBUG HqlParser:378 - handleDotIdent() : new LT(2) token - [".",<15> previously: <15>,line=1,col=49,possibleID=false]
AST  :   ( query ( SELECT_FROM ( from ( RANGE ( . ( . ( . org hibernate ) test ) Multi ) m ) ) ) ( where ( = ( . m class ) SubMulti ) ) )
 \-[QUERY] Node: 'query'
    +-[SELECT_FROM] Node: 'SELECT_FROM'
    |  \-[FROM] Node: 'from'
    |     \-[RANGE] Node: 'RANGE'
    |        +-[DOT] Node: '.'
    |        |  +-[DOT] Node: '.'
    |        |  |  +-[DOT] Node: '.'
    |        |  |  |  +-[IDENT] Node: 'org'
    |        |  |  |  \-[IDENT] Node: 'hibernate'
    |        |  |  \-[IDENT] Node: 'test'
    |        |  \-[IDENT] Node: 'Multi'
    |        \-[ALIAS] Node: 'm'
    \-[WHERE] Node: 'where'
       \-[EQ] Node: '='
          +-[DOT] Node: '.'
          |  +-[IDENT] Node: 'm'
          |  \-[IDENT] Node: 'class'
          \-[IDENT] Node: 'SubMulti'

input: ->from m in class org.hibernate.test.Top where m.class = Multi<-
14:13:34,883 DEBUG HqlParser:378 - handleDotIdent() : new LT(2) token - [".",<15> previously: <15>,line=1,col=47,possibleID=false]
AST  :   ( query ( SELECT_FROM ( from ( RANGE ( . ( . ( . org hibernate ) test ) Top ) m ) ) ) ( where ( = ( . m class ) Multi ) ) )
 \-[QUERY] Node: 'query'
    +-[SELECT_FROM] Node: 'SELECT_FROM'
    |  \-[FROM] Node: 'from'
    |     \-[RANGE] Node: 'RANGE'
    |        +-[DOT] Node: '.'
    |        |  +-[DOT] Node: '.'
    |        |  |  +-[DOT] Node: '.'
    |        |  |  |  +-[IDENT] Node: 'org'
    |        |  |  |  \-[IDENT] Node: 'hibernate'
    |        |  |  \-[IDENT] Node: 'test'
    |        |  \-[IDENT] Node: 'Top'
    |        \-[ALIAS] Node: 'm'
    \-[WHERE] Node: 'where'
       \-[EQ] Node: '='
          +-[DOT] Node: '.'
          |  +-[IDENT] Node: 'm'
          |  \-[IDENT] Node: 'class'
          \-[IDENT] Node: 'Multi'

input: ->from s in class org.hibernate.test.Top<-
AST  :   ( query ( SELECT_FROM ( from ( RANGE ( . ( . ( . org hibernate ) test ) Top ) s ) ) ) )
 \-[QUERY] Node: 'query'
    \-[SELECT_FROM] Node: 'SELECT_FROM'
       \-[FROM] Node: 'from'
          \-[RANGE] Node: 'RANGE'
             +-[DOT] Node: '.'
             |  +-[DOT] Node: '.'
             |  |  +-[DOT] Node: '.'
             |  |  |  +-[IDENT] Node: 'org'
             |  |  |  \-[IDENT] Node: 'hibernate'
             |  |  \-[IDENT] Node: 'test'
             |  \-[IDENT] Node: 'Top'
             \-[ALIAS] Node: 's'

input: ->from ls in class org.hibernate.test.Lower<-
AST  :   ( query ( SELECT_FROM ( from ( RANGE ( . ( . ( . org hibernate ) test ) Lower ) ls ) ) ) )
 \-[QUERY] Node: 'query'
    \-[SELECT_FROM] Node: 'SELECT_FROM'
       \-[FROM] Node: 'from'
          \-[RANGE] Node: 'RANGE'
             +-[DOT] Node: '.'
             |  +-[DOT] Node: '.'
             |  |  +-[DOT] Node: '.'
             |  |  |  +-[IDENT] Node: 'org'
             |  |  |  \-[IDENT] Node: 'hibernate'
             |  |  \-[IDENT] Node: 'test'
             |  \-[IDENT] Node: 'Lower'
             \-[ALIAS] Node: 'ls'

input: ->from ls in class org.hibernate.test.Lower, s in elements(ls.bag) where s.id is not null<-
AST  :   ( query ( SELECT_FROM ( from ( RANGE ( . ( . ( . org hibernate ) test ) Lower ) ls ) ( join inner ( . ls bag ) s ) ) ) ( where ( is not null ( . s id ) ) ) )
 \-[QUERY] Node: 'query'
    +-[SELECT_FROM] Node: 'SELECT_FROM'
    |  \-[FROM] Node: 'from'
    |     +-[RANGE] Node: 'RANGE'
    |     |  +-[DOT] Node: '.'
    |     |  |  +-[DOT] Node: '.'
    |     |  |  |  +-[DOT] Node: '.'
    |     |  |  |  |  +-[IDENT] Node: 'org'
    |     |  |  |  |  \-[IDENT] Node: 'hibernate'
    |     |  |  |  \-[IDENT] Node: 'test'
    |     |  |  \-[IDENT] Node: 'Lower'
    |     |  \-[ALIAS] Node: 'ls'
    |     \-[JOIN] Node: 'join'
    |        +-[INNER] Node: 'inner'
    |        +-[DOT] Node: '.'
    |        |  +-[IDENT] Node: 'ls'
    |        |  \-[IDENT] Node: 'bag'
    |        \-[ALIAS] Node: 's'
    \-[WHERE] Node: 'where'
       \-[IS_NOT_NULL] Node: 'is not null'
          \-[DOT] Node: '.'
             +-[IDENT] Node: 's'
             \-[IDENT] Node: 'id'

input: ->from ls in class org.hibernate.test.Lower, s in elements(ls.set) where s.id is not null<-
14:13:34,915 DEBUG ErrorCounter:63 - Keyword  'set' is being interpreted as an identifier due to: expecting IDENT, found 'set'
AST  :   ( query ( SELECT_FROM ( from ( RANGE ( . ( . ( . org hibernate ) test ) Lower ) ls ) ( join inner ( . ls set ) s ) ) ) ( where ( is not null ( . s id ) ) ) )
 \-[QUERY] Node: 'query'
    +-[SELECT_FROM] Node: 'SELECT_FROM'
    |  \-[FROM] Node: 'from'
    |     +-[RANGE] Node: 'RANGE'
    |     |  +-[DOT] Node: '.'
    |     |  |  +-[DOT] Node: '.'
    |     |  |  |  +-[DOT] Node: '.'
    |     |  |  |  |  +-[IDENT] Node: 'org'
    |     |  |  |  |  \-[IDENT] Node: 'hibernate'
    |     |  |  |  \-[IDENT] Node: 'test'
    |     |  |  \-[IDENT] Node: 'Lower'
    |     |  \-[ALIAS] Node: 'ls'
    |     \-[JOIN] Node: 'join'
    |        +-[INNER] Node: 'inner'
    |        +-[DOT] Node: '.'
    |        |  +-[IDENT] Node: 'ls'
    |        |  \-[WEIRD_IDENT] Node: 'set'
    |        \-[ALIAS] Node: 's'
    \-[WHERE] Node: 'where'
       \-[IS_NOT_NULL] Node: 'is not null'
          \-[DOT] Node: '.'
             +-[IDENT] Node: 's'
             \-[IDENT] Node: 'id'

input: ->from o in class org.hibernate.test.Top<-
AST  :   ( query ( SELECT_FROM ( from ( RANGE ( . ( . ( . org hibernate ) test ) Top ) o ) ) ) )
 \-[QUERY] Node: 'query'
    \-[SELECT_FROM] Node: 'SELECT_FROM'
       \-[FROM] Node: 'from'
          \-[RANGE] Node: 'RANGE'
             +-[DOT] Node: '.'
             |  +-[DOT] Node: '.'
             |  |  +-[DOT] Node: '.'
             |  |  |  +-[IDENT] Node: 'org'
             |  |  |  \-[IDENT] Node: 'hibernate'
             |  |  \-[IDENT] Node: 'test'
             |  \-[IDENT] Node: 'Top'
             \-[ALIAS] Node: 'o'

input: ->from o in class org.hibernate.test.Po<-
AST  :   ( query ( SELECT_FROM ( from ( RANGE ( . ( . ( . org hibernate ) test ) Po ) o ) ) ) )
 \-[QUERY] Node: 'query'
    \-[SELECT_FROM] Node: 'SELECT_FROM'
       \-[FROM] Node: 'from'
          \-[RANGE] Node: 'RANGE'
             +-[DOT] Node: '.'
             |  +-[DOT] Node: '.'
             |  |  +-[DOT] Node: '.'
             |  |  |  +-[IDENT] Node: 'org'
             |  |  |  \-[IDENT] Node: 'hibernate'
             |  |  \-[IDENT] Node: 'test'
             |  \-[IDENT] Node: 'Po'
             \-[ALIAS] Node: 'o'

input: ->from ChildMap cm where cm.parent is not null<-
AST  :   ( query ( SELECT_FROM ( from ( RANGE ChildMap cm ) ) ) ( where ( is not null ( . cm parent ) ) ) )
 \-[QUERY] Node: 'query'
    +-[SELECT_FROM] Node: 'SELECT_FROM'
    |  \-[FROM] Node: 'from'
    |     \-[RANGE] Node: 'RANGE'
    |        +-[IDENT] Node: 'ChildMap'
    |        \-[ALIAS] Node: 'cm'
    \-[WHERE] Node: 'where'
       \-[IS_NOT_NULL] Node: 'is not null'
          \-[DOT] Node: '.'
             +-[IDENT] Node: 'cm'
             \-[IDENT] Node: 'parent'

input: ->from ParentMap cm where cm.child is not null<-
AST  :   ( query ( SELECT_FROM ( from ( RANGE ParentMap cm ) ) ) ( where ( is not null ( . cm child ) ) ) )
 \-[QUERY] Node: 'query'
    +-[SELECT_FROM] Node: 'SELECT_FROM'
    |  \-[FROM] Node: 'from'
    |     \-[RANGE] Node: 'RANGE'
    |        +-[IDENT] Node: 'ParentMap'
    |        \-[ALIAS] Node: 'cm'
    \-[WHERE] Node: 'where'
       \-[IS_NOT_NULL] Node: 'is not null'
          \-[DOT] Node: '.'
             +-[IDENT] Node: 'cm'
             \-[IDENT] Node: 'child'

input: ->from org.hibernate.test.Componentizable<-
AST  :   ( query ( SELECT_FROM ( from ( RANGE ( . ( . ( . org hibernate ) test ) Componentizable ) ) ) ) )
 \-[QUERY] Node: 'query'
    \-[SELECT_FROM] Node: 'SELECT_FROM'
       \-[FROM] Node: 'from'
          \-[RANGE] Node: 'RANGE'
             \-[DOT] Node: '.'
                +-[DOT] Node: '.'
                |  +-[DOT] Node: '.'
                |  |  +-[IDENT] Node: 'org'
                |  |  \-[IDENT] Node: 'hibernate'
                |  \-[IDENT] Node: 'test'
                \-[IDENT] Node: 'Componentizable'

]]></system-out>
  <system-err><![CDATA[]]></system-err>
</testsuite>
